This is pdfTeX, Version 3.14159265-2.6-1.40.21 (MiKTeX 20.7) (preloaded format=pdflatex 2020.8.26)  28 SEP 2020 16:55
entering extended mode
**./Masterarbeit_Giuliano_Montorio.tex
(Masterarbeit_Giuliano_Montorio.tex
LaTeX2e <2020-02-02> patch level 5
L3 programming layer <2020-08-07> (Y:\Miktex\tex/latex/koma-script\scrbook.cls
Document Class: scrbook 2020/07/22 v3.31 KOMA-Script document class (book)
(Y:\Miktex\tex/latex/koma-script\scrkbase.sty
Package: scrkbase 2020/07/22 v3.31 KOMA-Script package (KOMA-Script-dependent b
asics and keyval usage)

(Y:\Miktex\tex/latex/koma-script\scrbase.sty
Package: scrbase 2020/07/22 v3.31 KOMA-Script package (KOMA-Script-independent 
basics and keyval usage)

(Y:\Miktex\tex/latex/graphics\keyval.sty
Package: keyval 2014/10/28 v1.15 key=value parser (DPC)
\KV@toks@=\toks15
)
(Y:\Miktex\tex/latex/koma-script\scrlfile.sty
Package: scrlfile 2020/07/22 v3.31 KOMA-Script package (loading files)
)))
(Y:\Miktex\tex/latex/koma-script\tocbasic.sty
Package: tocbasic 2020/07/22 v3.31 KOMA-Script package (handling toc-files)
\scr@dte@tocline@numberwidth=\skip47
\scr@dte@tocline@numbox=\box45
)
Package tocbasic Info: babel extension for `toc' omitted
(tocbasic)             because of missing \bbl@set@language on input line 137.
Package scrbook Info: You've used standard option `12pt'.
(scrbook)             This is correct!
(scrbook)             Internally I'm using `fontsize=12pt'.
(scrbook)             If you'd like to set the option with \KOMAoptions,
(scrbook)             you'd have to use `fontsize=12pt' there
(scrbook)             instead of `12pt', too.
Class scrbook Info: You've used standard option `oneside'.
(scrbook)           This is correct!
(scrbook)           Internally I'm using `twoside=false'.
(scrbook)           If you'd like to set the option with \KOMAoptions,
(scrbook)           you'd have to use `twoside=false' there
(scrbook)           instead of `oneside', too.
Class scrbook Info: You've used standard option `openany'.
(scrbook)           This is correct!
(scrbook)           Internally I'm using `open=any'.
(scrbook)           If you'd like to set the option with \KOMAoptions,
(scrbook)           you'd have to use `open=any' there
(scrbook)           instead of `openany', too.
Class scrbook Info: File `scrsize12pt.clo' used to setup font sizes on input li
ne 2436.

(Y:\Miktex\tex/latex/koma-script\scrsize12pt.clo
File: scrsize12pt.clo 2020/07/22 v3.31 KOMA-Script font size class option (12pt
)
)
(Y:\Miktex\tex/latex/koma-script\typearea.sty
Package: typearea 2020/07/22 v3.31 KOMA-Script package (type area)
\ta@bcor=\skip48
\ta@div=\count168
Package typearea Info: You've used standard option `a4paper'.
(typearea)             This is correct!
(typearea)             Internally I'm using `paper=a4'.
(typearea)             If you'd like to set the option with \KOMAoptions,
(typearea)             you'd have to use `paper=a4' there
(typearea)             instead of `a4paper', too.
Package typearea Info: You've used standard option `oneside'.
(typearea)             This is correct!
(typearea)             Internally I'm using `twoside=false'.
(typearea)             If you'd like to set the option with \KOMAoptions,
(typearea)             you'd have to use `twoside=false' there
(typearea)             instead of `oneside', too.
\ta@hblk=\skip49
\ta@vblk=\skip50
\ta@temp=\skip51
\footheight=\skip52
Package typearea Info: These are the values describing the layout:
(typearea)             DIV  = 12
(typearea)             BCOR = 0.0pt
(typearea)             \paperwidth      = 597.50793pt
(typearea)              \textwidth      = 448.13095pt
(typearea)              DIV departure   = -6%
(typearea)              \evensidemargin = 2.4185pt
(typearea)              \oddsidemargin  = 2.4185pt
(typearea)             \paperheight     = 845.04694pt
(typearea)              \textheight     = 606.5pt
(typearea)              \topmargin      = -1.84941pt
(typearea)              \headheight     = 18.125pt
(typearea)              \headsep        = 21.75pt
(typearea)              \topskip        = 12.0pt
(typearea)              \footskip       = 50.75pt
(typearea)              \baselineskip   = 14.5pt
(typearea)              on input line 1739.
)
\c@part=\count169
\c@chapter=\count170
\c@section=\count171
\c@subsection=\count172
\c@subsubsection=\count173
\c@paragraph=\count174
\c@subparagraph=\count175
\scr@dte@chapter@maxnumwidth=\skip53
Class scrbook Info: using compatibility default `afterindent=bysign'
(scrbook)           for `\chapter on input line 5624.
\scr@dte@section@maxnumwidth=\skip54
Class scrbook Info: using compatibility default `runin=bysign'
(scrbook)           for `\section on input line 5635.
Class scrbook Info: using compatibility default `afterindent=bysign'
(scrbook)           for `\section on input line 5635.
\scr@dte@part@maxnumwidth=\skip55
Class scrbook Info: using compatibility default `afterindent=true'
(scrbook)           for `\part on input line 5644.
\scr@dte@subsection@maxnumwidth=\skip56
Class scrbook Info: using compatibility default `runin=bysign'
(scrbook)           for `\subsection on input line 5654.
Class scrbook Info: using compatibility default `afterindent=bysign'
(scrbook)           for `\subsection on input line 5654.
\scr@dte@subsubsection@maxnumwidth=\skip57
Class scrbook Info: using compatibility default `runin=bysign'
(scrbook)           for `\subsubsection on input line 5664.
Class scrbook Info: using compatibility default `afterindent=bysign'
(scrbook)           for `\subsubsection on input line 5664.
\scr@dte@paragraph@maxnumwidth=\skip58
Class scrbook Info: using compatibility default `runin=bysign'
(scrbook)           for `\paragraph on input line 5675.
Class scrbook Info: using compatibility default `afterindent=bysign'
(scrbook)           for `\paragraph on input line 5675.
\scr@dte@subparagraph@maxnumwidth=\skip59
Class scrbook Info: using compatibility default `runin=bysign'
(scrbook)           for `\subparagraph on input line 5685.
Class scrbook Info: using compatibility default `afterindent=bysign'
(scrbook)           for `\subparagraph on input line 5685.
\abovecaptionskip=\skip60
\belowcaptionskip=\skip61
\c@pti@nb@sid@b@x=\box46
Package tocbasic Info: babel extension for `lof' omitted
(tocbasic)             because of missing \bbl@set@language on input line 6928.

\scr@dte@figure@maxnumwidth=\skip62
\c@figure=\count176
Package tocbasic Info: babel extension for `lot' omitted
(tocbasic)             because of missing \bbl@set@language on input line 6949.

\scr@dte@table@maxnumwidth=\skip63
\c@table=\count177
Class scrbook Info: Redefining `\numberline' on input line 7122.
\bibindent=\dimen134
)
(Y:\Miktex\tex/latex/amsmath\amsmath.sty
Package: amsmath 2020/01/20 v2.17e AMS math features
\@mathmargin=\skip64

For additional information on amsmath, use the `?' option.
(Y:\Miktex\tex/latex/amsmath\amstext.sty
Package: amstext 2000/06/29 v2.01 AMS text

(Y:\Miktex\tex/latex/amsmath\amsgen.sty
File: amsgen.sty 1999/11/30 v2.0 generic functions
\@emptytoks=\toks16
\ex@=\dimen135
))
(Y:\Miktex\tex/latex/amsmath\amsbsy.sty
Package: amsbsy 1999/11/29 v1.2d Bold Symbols
\pmbraise@=\dimen136
)
(Y:\Miktex\tex/latex/amsmath\amsopn.sty
Package: amsopn 2016/03/08 v2.02 operator names
)
\inf@bad=\count178
LaTeX Info: Redefining \frac on input line 227.
\uproot@=\count179
\leftroot@=\count180
LaTeX Info: Redefining \overline on input line 389.
\classnum@=\count181
\DOTSCASE@=\count182
LaTeX Info: Redefining \ldots on input line 486.
LaTeX Info: Redefining \dots on input line 489.
LaTeX Info: Redefining \cdots on input line 610.
\Mathstrutbox@=\box47
\strutbox@=\box48
\big@size=\dimen137
LaTeX Font Info:    Redeclaring font encoding OML on input line 733.
LaTeX Font Info:    Redeclaring font encoding OMS on input line 734.
\macc@depth=\count183
\c@MaxMatrixCols=\count184
\dotsspace@=\muskip16
\c@parentequation=\count185
\dspbrk@lvl=\count186
\tag@help=\toks17
\row@=\count187
\column@=\count188
\maxfields@=\count189
\andhelp@=\toks18
\eqnshift@=\dimen138
\alignsep@=\dimen139
\tagshift@=\dimen140
\tagwidth@=\dimen141
\totwidth@=\dimen142
\lineht@=\dimen143
\@envbody=\toks19
\multlinegap=\skip65
\multlinetaggap=\skip66
\mathdisplay@stack=\toks20
LaTeX Info: Redefining \[ on input line 2859.
LaTeX Info: Redefining \] on input line 2860.
)
(Y:\Miktex\tex/latex/geometry\geometry.sty
Package: geometry 2020/01/02 v5.9 Page Geometry

(Y:\Miktex\tex/generic/iftex\ifvtex.sty
Package: ifvtex 2019/10/25 v1.7 ifvtex legacy package. Use iftex instead.
 (Y:\Miktex\tex/generic/iftex\iftex.sty
Package: iftex 2020/03/06 v1.0d TeX engine tests
))
\Gm@cnth=\count190
\Gm@cntv=\count191
\c@Gm@tempcnt=\count192
\Gm@bindingoffset=\dimen144
\Gm@wd@mp=\dimen145
\Gm@odd@mp=\dimen146
\Gm@even@mp=\dimen147
\Gm@layoutwidth=\dimen148
\Gm@layoutheight=\dimen149
\Gm@layouthoffset=\dimen150
\Gm@layoutvoffset=\dimen151
\Gm@dimlist=\toks21
 (Y:\Miktex\tex/latex/geometry\geometry.cfg))
(Y:\Miktex\tex/latex/base\inputenc.sty
Package: inputenc 2018/08/11 v1.3c Input encoding file
\inpenc@prehook=\toks22
\inpenc@posthook=\toks23
)
(Y:\Miktex\tex/latex/csquotes\csquotes.sty
Package: csquotes 2019-12-06 v5.2j context-sensitive quotations (JAW)

(Y:\Miktex\tex/latex/etoolbox\etoolbox.sty
Package: etoolbox 2020/07/15 v2.5i e-TeX tools for LaTeX (JAW)
\etb@tempcnta=\count193
)
\csq@reset=\count194
\csq@gtype=\count195
\csq@glevel=\count196
\csq@qlevel=\count197
\csq@maxlvl=\count198
\csq@tshold=\count199
\csq@ltx@everypar=\toks24

(Y:\Miktex\tex/latex/csquotes\csquotes.def
File: csquotes.def 2019-12-06 v5.2j csquotes generic definitions (JAW)
)
Package csquotes Info: Trying to load configuration file 'csquotes.cfg'...
Package csquotes Info: ... configuration file loaded successfully.

(Y:\Miktex\tex/latex/csquotes\csquotes.cfg
File: csquotes.cfg 
)
Package csquotes Info: Enabling multilingual quotes.
Package csquotes Info: Option 'babel' depreciated.
(csquotes)             Using 'autostyle'.
Package csquotes Info: Enabling multilingual quotes.
Package csquotes Info: Redefining alias 'german' -> 'german/guillemets'.
Package csquotes Info: Disabling multilingual quotes.
Package csquotes Info: Redefining alias 'default' -> 'german'.
)
(Y:\Miktex\tex/generic/babel\babel.sty
Package: babel 2020/07/13 3.47 The Babel package
 (Y:\Miktex\tex/generic/babel\babel.def
File: babel.def 2020/07/13 3.47 Babel common definitions
\babel@savecnt=\count266
\U@D=\dimen152
\l@babelnohyphens=\language79

(Y:\Miktex\tex/generic/babel\txtbabel.def)
\bbl@readstream=\read2
)
\bbl@dirlevel=\count267

*************************************
* Local config file bblopts.cfg used
*
(Y:\Miktex\tex/latex/arabi\bblopts.cfg
File: bblopts.cfg 2005/09/08 v0.1 add Arabic and Farsi to "declared" options of
 babel
)
(Y:\Miktex\tex/latex/babel-english\USenglish.ldf
Language: USenglish 2017/06/06 v3.3r English support from the babel system

(Y:\Miktex\tex/latex/babel-english\english.ldf
Language: english 2017/06/06 v3.3r English support from the babel system
Package babel Info: \l@canadian = using hyphenrules for english
(babel)             (\language0) on input line 102.
Package babel Info: \l@australian = using hyphenrules for ukenglish
(babel)             (\language73) on input line 105.
Package babel Info: \l@newzealand = using hyphenrules for ukenglish
(babel)             (\language73) on input line 108.
))
(Y:\Miktex\tex/latex/babel-german\ngerman.ldf
Language: ngerman 2020/07/21 v2.12 German support for babel (post-1996 orthogra
phy)

(Y:\Miktex\tex/latex/babel-german\ngermanb.ldf
Language: ngermanb 2020/07/21 v2.12 German support for babel (post-1996 orthogr
aphy)
Package babel Info: Making " an active character on input line 121.
)))
(Y:\Miktex\tex/latex/multirow\multirow.sty
Package: multirow 2019/05/31 v2.5 Span multiple rows of a table
\multirow@colwidth=\skip67
\multirow@cntb=\count268
\multirow@dima=\skip68
\bigstrutjot=\dimen153
)
(Y:\Miktex\tex/latex/tools\multicol.sty
Package: multicol 2019/12/09 v1.8y multicolumn formatting (FMi)
\c@tracingmulticols=\count269
\mult@box=\box49
\multicol@leftmargin=\dimen154
\c@unbalance=\count270
\c@collectmore=\count271
\doublecol@number=\count272
\multicoltolerance=\count273
\multicolpretolerance=\count274
\full@width=\dimen155
\page@free=\dimen156
\premulticols=\dimen157
\postmulticols=\dimen158
\multicolsep=\skip69
\multicolbaselineskip=\skip70
\partial@page=\box50
\last@line=\box51
\maxbalancingoverflow=\dimen159
\mult@rightbox=\box52
\mult@grightbox=\box53
\mult@gfirstbox=\box54
\mult@firstbox=\box55
\@tempa=\box56
\@tempa=\box57
\@tempa=\box58
\@tempa=\box59
\@tempa=\box60
\@tempa=\box61
\@tempa=\box62
\@tempa=\box63
\@tempa=\box64
\@tempa=\box65
\@tempa=\box66
\@tempa=\box67
\@tempa=\box68
\@tempa=\box69
\@tempa=\box70
\@tempa=\box71
\@tempa=\box72
\@tempa=\box73
\@tempa=\box74
\@tempa=\box75
\@tempa=\box76
\@tempa=\box77
\@tempa=\box78
\@tempa=\box79
\@tempa=\box80
\@tempa=\box81
\@tempa=\box82
\@tempa=\box83
\@tempa=\box84
\@tempa=\box85
\@tempa=\box86
\@tempa=\box87
\@tempa=\box88
\@tempa=\box89
\@tempa=\box90
\@tempa=\box91
\@tempa=\box92
\c@minrows=\count275
\c@columnbadness=\count276
\c@finalcolumnbadness=\count277
\last@try=\dimen160
\multicolovershoot=\dimen161
\multicolundershoot=\dimen162
\mult@nat@firstbox=\box93
\colbreak@box=\box94
\mc@col@check@num=\count278
)
(Y:\Miktex\tex/latex/makecell\makecell.sty
Package: makecell 2009/08/03 V0.1e Managing of Tab Column Heads and Cells
 (Y:\Miktex\tex/latex/tools\array.sty
Package: array 2019/08/31 v2.4l Tabular extension package (FMi)
\col@sep=\dimen163
\ar@mcellbox=\box95
\extrarowheight=\dimen164
\NC@list=\toks25
\extratabsurround=\skip71
\backup@length=\skip72
\ar@cellbox=\box96
)
\rotheadsize=\dimen165
\c@nlinenum=\count279
\TeXr@lab=\toks26
) (Y:\Miktex\tex/latex/tools\tabularx.sty
Package: tabularx 2020/01/15 v2.11c `tabularx' package (DPC)
\TX@col@width=\dimen166
\TX@old@table=\dimen167
\TX@old@col=\dimen168
\TX@target=\dimen169
\TX@delta=\dimen170
\TX@cols=\count280
\TX@ftn=\toks27
)
(Y:\Miktex\tex/latex/float\float.sty
Package: float 2001/11/08 v1.3d Float enhancements (AL)
\c@float@type=\count281
\float@exts=\toks28
\float@box=\box97
\@float@everytoks=\toks29
\@floatcapt=\box98
)
(Y:\Miktex\tex/latex/booktabs\booktabs.sty
Package: booktabs 2020/01/12 v1.61803398 Publication quality tables
\heavyrulewidth=\dimen171
\lightrulewidth=\dimen172
\cmidrulewidth=\dimen173
\belowrulesep=\dimen174
\belowbottomsep=\dimen175
\aboverulesep=\dimen176
\abovetopsep=\dimen177
\cmidrulesep=\dimen178
\cmidrulekern=\dimen179
\defaultaddspace=\dimen180
\@cmidla=\count282
\@cmidlb=\count283
\@aboverulesep=\dimen181
\@belowrulesep=\dimen182
\@thisruleclass=\count284
\@lastruleclass=\count285
\@thisrulewidth=\dimen183
)
(Y:\Miktex\tex/latex/tools\longtable.sty
Package: longtable 2020/01/07 v4.13 Multi-page Table package (DPC)
\LTleft=\skip73
\LTright=\skip74
\LTpre=\skip75
\LTpost=\skip76
\LTchunksize=\count286
\LTcapwidth=\dimen184
\LT@head=\box99
\LT@firsthead=\box100
\LT@foot=\box101
\LT@lastfoot=\box102
\LT@cols=\count287
\LT@rows=\count288
\c@LT@tables=\count289
\c@LT@chunks=\count290
\LT@p@ftn=\toks30
)
Class scrbook Info: longtable captions redefined on input line 35.

(Y:\Miktex\tex/latex/graphics\rotating.sty
Package: rotating 2016/08/11 v2.16d rotated objects in LaTeX

(Y:\Miktex\tex/latex/graphics\graphicx.sty
Package: graphicx 2019/11/30 v1.2a Enhanced LaTeX Graphics (DPC,SPQR)

(Y:\Miktex\tex/latex/graphics\graphics.sty
Package: graphics 2019/11/30 v1.4a Standard LaTeX Graphics (DPC,SPQR)

(Y:\Miktex\tex/latex/graphics\trig.sty
Package: trig 2016/01/03 v1.10 sin cos tan (DPC)
)
(Y:\Miktex\tex/latex/graphics-cfg\graphics.cfg
File: graphics.cfg 2016/06/04 v1.11 sample graphics configuration
)
Package graphics Info: Driver file: pdftex.def on input line 105.

(Y:\Miktex\tex/latex/graphics-def\pdftex.def
File: pdftex.def 2018/01/08 v1.0l Graphics/color driver for pdftex
))
\Gin@req@height=\dimen185
\Gin@req@width=\dimen186
)
(Y:\Miktex\tex/latex/base\ifthen.sty
Package: ifthen 2014/09/29 v1.1c Standard LaTeX ifthen package (DPC)
)
\c@r@tfl@t=\count291
\rotFPtop=\skip77
\rotFPbot=\skip78
\rot@float@box=\box103
\rot@mess@toks=\toks31
) (Y:\Miktex\tex/latex/xcolor\xcolor.sty
Package: xcolor 2016/05/11 v2.12 LaTeX color extensions (UK)

(Y:\Miktex\tex/latex/graphics-cfg\color.cfg
File: color.cfg 2016/01/02 v1.6 sample color configuration
)
Package xcolor Info: Driver file: pdftex.def on input line 225.

(Y:\Miktex\tex/latex/colortbl\colortbl.sty
Package: colortbl 2020/01/04 v1.0e Color table columns (DPC)
\everycr=\toks32
\minrowclearance=\skip79
)
\rownum=\count292
Package xcolor Info: Model `cmy' substituted by `cmy0' on input line 1348.
Package xcolor Info: Model `hsb' substituted by `rgb' on input line 1352.
Package xcolor Info: Model `RGB' extended on input line 1364.
Package xcolor Info: Model `HTML' substituted by `rgb' on input line 1366.
Package xcolor Info: Model `Hsb' substituted by `hsb' on input line 1367.
Package xcolor Info: Model `tHsb' substituted by `hsb' on input line 1368.
Package xcolor Info: Model `HSB' substituted by `hsb' on input line 1369.
Package xcolor Info: Model `Gray' substituted by `gray' on input line 1370.
Package xcolor Info: Model `wave' substituted by `hsb' on input line 1371.
)
(Y:\Miktex\tex/latex/caption\subcaption.sty
Package: subcaption 2020/01/22 v1.3d Sub-captions (AR)

(Y:\Miktex\tex/latex/caption\caption.sty
Package: caption 2020/05/30 v3.4k Customizing captions (AR)

(Y:\Miktex\tex/latex/caption\caption3.sty
Package: caption3 2020/07/20 v1.12b caption3 kernel (AR)
Package caption3 Info: TeX engine: e-TeX on input line 61.
\captionmargin=\dimen187
\captionmargin@=\dimen188
\captionwidth=\dimen189
\caption@tempdima=\dimen190
\caption@indent=\dimen191
\caption@parindent=\dimen192
\caption@hangindent=\dimen193
Package caption Info: KOMA-Script document class detected.
)
Package caption Info: KOMA-Script document class.
\c@caption@flags=\count293
\c@continuedfloat=\count294
Package caption Info: float package is loaded.
Package caption Info: longtable package is loaded.

(Y:\Miktex\tex/latex/caption\ltcaption.sty
Package: ltcaption 2020/05/30 v1.4b longtable captions (AR)
)
Package caption Info: rotating package is loaded.
)
\c@subfigure=\count295
\c@subtable=\count296
)
(Y:\Miktex\tex/latex/pgf/frontendlayer\tikz.sty
(Y:\Miktex\tex/latex/pgf/basiclayer\pgf.sty
(Y:\Miktex\tex/latex/pgf/utilities\pgfrcs.sty
(Y:\Miktex\tex/generic/pgf/utilities\pgfutil-common.tex
\pgfutil@everybye=\toks33
\pgfutil@tempdima=\dimen194
\pgfutil@tempdimb=\dimen195

(Y:\Miktex\tex/generic/pgf/utilities\pgfutil-common-lists.tex))
(Y:\Miktex\tex/generic/pgf/utilities\pgfutil-latex.def
\pgfutil@abb=\box104

(Y:\Miktex\tex/latex/ms\everyshi.sty
Package: everyshi 2001/05/15 v3.00 EveryShipout Package (MS)
))
(Y:\Miktex\tex/generic/pgf/utilities\pgfrcs.code.tex
(Y:\Miktex\tex/generic/pgf\pgf.revision.tex)
Package: pgfrcs 2020/01/08 v3.1.5b (3.1.5b)
))
Package: pgf 2020/01/08 v3.1.5b (3.1.5b)

(Y:\Miktex\tex/latex/pgf/basiclayer\pgfcore.sty
(Y:\Miktex\tex/latex/pgf/systemlayer\pgfsys.sty
(Y:\Miktex\tex/generic/pgf/systemlayer\pgfsys.code.tex
Package: pgfsys 2020/01/08 v3.1.5b (3.1.5b)

(Y:\Miktex\tex/generic/pgf/utilities\pgfkeys.code.tex
\pgfkeys@pathtoks=\toks34
\pgfkeys@temptoks=\toks35

(Y:\Miktex\tex/generic/pgf/utilities\pgfkeysfiltered.code.tex
\pgfkeys@tmptoks=\toks36
))
\pgf@x=\dimen196
\pgf@y=\dimen197
\pgf@xa=\dimen198
\pgf@ya=\dimen199
\pgf@xb=\dimen256
\pgf@yb=\dimen257
\pgf@xc=\dimen258
\pgf@yc=\dimen259
\pgf@xd=\dimen260
\pgf@yd=\dimen261
\w@pgf@writea=\write3
\r@pgf@reada=\read3
\c@pgf@counta=\count297
\c@pgf@countb=\count298
\c@pgf@countc=\count299
\c@pgf@countd=\count300
\t@pgf@toka=\toks37
\t@pgf@tokb=\toks38
\t@pgf@tokc=\toks39
\pgf@sys@id@count=\count301

(Y:\Miktex\tex/generic/pgf/systemlayer\pgf.cfg
File: pgf.cfg 2020/01/08 v3.1.5b (3.1.5b)
)
Driver file for pgf: pgfsys-pdftex.def

(Y:\Miktex\tex/generic/pgf/systemlayer\pgfsys-pdftex.def
File: pgfsys-pdftex.def 2020/01/08 v3.1.5b (3.1.5b)

(Y:\Miktex\tex/generic/pgf/systemlayer\pgfsys-common-pdf.def
File: pgfsys-common-pdf.def 2020/01/08 v3.1.5b (3.1.5b)
)))
(Y:\Miktex\tex/generic/pgf/systemlayer\pgfsyssoftpath.code.tex
File: pgfsyssoftpath.code.tex 2020/01/08 v3.1.5b (3.1.5b)
\pgfsyssoftpath@smallbuffer@items=\count302
\pgfsyssoftpath@bigbuffer@items=\count303
)
(Y:\Miktex\tex/generic/pgf/systemlayer\pgfsysprotocol.code.tex
File: pgfsysprotocol.code.tex 2020/01/08 v3.1.5b (3.1.5b)
))
(Y:\Miktex\tex/generic/pgf/basiclayer\pgfcore.code.tex
Package: pgfcore 2020/01/08 v3.1.5b (3.1.5b)

(Y:\Miktex\tex/generic/pgf/math\pgfmath.code.tex
(Y:\Miktex\tex/generic/pgf/math\pgfmathcalc.code.tex
(Y:\Miktex\tex/generic/pgf/math\pgfmathutil.code.tex)
(Y:\Miktex\tex/generic/pgf/math\pgfmathparser.code.tex
\pgfmath@dimen=\dimen262
\pgfmath@count=\count304
\pgfmath@box=\box105
\pgfmath@toks=\toks40
\pgfmath@stack@operand=\toks41
\pgfmath@stack@operation=\toks42
)
(Y:\Miktex\tex/generic/pgf/math\pgfmathfunctions.code.tex
(Y:\Miktex\tex/generic/pgf/math\pgfmathfunctions.basic.code.tex)
(Y:\Miktex\tex/generic/pgf/math\pgfmathfunctions.trigonometric.code.tex)
(Y:\Miktex\tex/generic/pgf/math\pgfmathfunctions.random.code.tex)
(Y:\Miktex\tex/generic/pgf/math\pgfmathfunctions.comparison.code.tex)
(Y:\Miktex\tex/generic/pgf/math\pgfmathfunctions.base.code.tex)
(Y:\Miktex\tex/generic/pgf/math\pgfmathfunctions.round.code.tex)
(Y:\Miktex\tex/generic/pgf/math\pgfmathfunctions.misc.code.tex)
(Y:\Miktex\tex/generic/pgf/math\pgfmathfunctions.integerarithmetics.code.tex)))
(Y:\Miktex\tex/generic/pgf/math\pgfmathfloat.code.tex
\c@pgfmathroundto@lastzeros=\count305
))
(Y:\Miktex\tex/generic/pgf/math\pgfint.code.tex)
(Y:\Miktex\tex/generic/pgf/basiclayer\pgfcorepoints.code.tex
File: pgfcorepoints.code.tex 2020/01/08 v3.1.5b (3.1.5b)
\pgf@picminx=\dimen263
\pgf@picmaxx=\dimen264
\pgf@picminy=\dimen265
\pgf@picmaxy=\dimen266
\pgf@pathminx=\dimen267
\pgf@pathmaxx=\dimen268
\pgf@pathminy=\dimen269
\pgf@pathmaxy=\dimen270
\pgf@xx=\dimen271
\pgf@xy=\dimen272
\pgf@yx=\dimen273
\pgf@yy=\dimen274
\pgf@zx=\dimen275
\pgf@zy=\dimen276
)
(Y:\Miktex\tex/generic/pgf/basiclayer\pgfcorepathconstruct.code.tex
File: pgfcorepathconstruct.code.tex 2020/01/08 v3.1.5b (3.1.5b)
\pgf@path@lastx=\dimen277
\pgf@path@lasty=\dimen278
)
(Y:\Miktex\tex/generic/pgf/basiclayer\pgfcorepathusage.code.tex
File: pgfcorepathusage.code.tex 2020/01/08 v3.1.5b (3.1.5b)
\pgf@shorten@end@additional=\dimen279
\pgf@shorten@start@additional=\dimen280
)
(Y:\Miktex\tex/generic/pgf/basiclayer\pgfcorescopes.code.tex
File: pgfcorescopes.code.tex 2020/01/08 v3.1.5b (3.1.5b)
\pgfpic=\box106
\pgf@hbox=\box107
\pgf@layerbox@main=\box108
\pgf@picture@serial@count=\count306
)
(Y:\Miktex\tex/generic/pgf/basiclayer\pgfcoregraphicstate.code.tex
File: pgfcoregraphicstate.code.tex 2020/01/08 v3.1.5b (3.1.5b)
\pgflinewidth=\dimen281
)
(Y:\Miktex\tex/generic/pgf/basiclayer\pgfcoretransformations.code.tex
File: pgfcoretransformations.code.tex 2020/01/08 v3.1.5b (3.1.5b)
\pgf@pt@x=\dimen282
\pgf@pt@y=\dimen283
\pgf@pt@temp=\dimen284
)
(Y:\Miktex\tex/generic/pgf/basiclayer\pgfcorequick.code.tex
File: pgfcorequick.code.tex 2020/01/08 v3.1.5b (3.1.5b)
)
(Y:\Miktex\tex/generic/pgf/basiclayer\pgfcoreobjects.code.tex
File: pgfcoreobjects.code.tex 2020/01/08 v3.1.5b (3.1.5b)
)
(Y:\Miktex\tex/generic/pgf/basiclayer\pgfcorepathprocessing.code.tex
File: pgfcorepathprocessing.code.tex 2020/01/08 v3.1.5b (3.1.5b)
)
(Y:\Miktex\tex/generic/pgf/basiclayer\pgfcorearrows.code.tex
File: pgfcorearrows.code.tex 2020/01/08 v3.1.5b (3.1.5b)
\pgfarrowsep=\dimen285
)
(Y:\Miktex\tex/generic/pgf/basiclayer\pgfcoreshade.code.tex
File: pgfcoreshade.code.tex 2020/01/08 v3.1.5b (3.1.5b)
\pgf@max=\dimen286
\pgf@sys@shading@range@num=\count307
\pgf@shadingcount=\count308
)
(Y:\Miktex\tex/generic/pgf/basiclayer\pgfcoreimage.code.tex
File: pgfcoreimage.code.tex 2020/01/08 v3.1.5b (3.1.5b)

(Y:\Miktex\tex/generic/pgf/basiclayer\pgfcoreexternal.code.tex
File: pgfcoreexternal.code.tex 2020/01/08 v3.1.5b (3.1.5b)
\pgfexternal@startupbox=\box109
))
(Y:\Miktex\tex/generic/pgf/basiclayer\pgfcorelayers.code.tex
File: pgfcorelayers.code.tex 2020/01/08 v3.1.5b (3.1.5b)
)
(Y:\Miktex\tex/generic/pgf/basiclayer\pgfcoretransparency.code.tex
File: pgfcoretransparency.code.tex 2020/01/08 v3.1.5b (3.1.5b)
)
(Y:\Miktex\tex/generic/pgf/basiclayer\pgfcorepatterns.code.tex
File: pgfcorepatterns.code.tex 2020/01/08 v3.1.5b (3.1.5b)
)
(Y:\Miktex\tex/generic/pgf/basiclayer\pgfcorerdf.code.tex
File: pgfcorerdf.code.tex 2020/01/08 v3.1.5b (3.1.5b)
)))
(Y:\Miktex\tex/generic/pgf/modules\pgfmoduleshapes.code.tex
File: pgfmoduleshapes.code.tex 2020/01/08 v3.1.5b (3.1.5b)
\pgfnodeparttextbox=\box110
)
(Y:\Miktex\tex/generic/pgf/modules\pgfmoduleplot.code.tex
File: pgfmoduleplot.code.tex 2020/01/08 v3.1.5b (3.1.5b)
)
(Y:\Miktex\tex/latex/pgf/compatibility\pgfcomp-version-0-65.sty
Package: pgfcomp-version-0-65 2020/01/08 v3.1.5b (3.1.5b)
\pgf@nodesepstart=\dimen287
\pgf@nodesepend=\dimen288
)
(Y:\Miktex\tex/latex/pgf/compatibility\pgfcomp-version-1-18.sty
Package: pgfcomp-version-1-18 2020/01/08 v3.1.5b (3.1.5b)
))
(Y:\Miktex\tex/latex/pgf/utilities\pgffor.sty
(Y:\Miktex\tex/latex/pgf/utilities\pgfkeys.sty
(Y:\Miktex\tex/generic/pgf/utilities\pgfkeys.code.tex))
(Y:\Miktex\tex/latex/pgf/math\pgfmath.sty
(Y:\Miktex\tex/generic/pgf/math\pgfmath.code.tex))
(Y:\Miktex\tex/generic/pgf/utilities\pgffor.code.tex
Package: pgffor 2020/01/08 v3.1.5b (3.1.5b)

(Y:\Miktex\tex/generic/pgf/math\pgfmath.code.tex)
\pgffor@iter=\dimen289
\pgffor@skip=\dimen290
\pgffor@stack=\toks43
\pgffor@toks=\toks44
))
(Y:\Miktex\tex/generic/pgf/frontendlayer/tikz\tikz.code.tex
Package: tikz 2020/01/08 v3.1.5b (3.1.5b)

(Y:\Miktex\tex/generic/pgf/libraries\pgflibraryplothandlers.code.tex
File: pgflibraryplothandlers.code.tex 2020/01/08 v3.1.5b (3.1.5b)
\pgf@plot@mark@count=\count309
\pgfplotmarksize=\dimen291
)
\tikz@lastx=\dimen292
\tikz@lasty=\dimen293
\tikz@lastxsaved=\dimen294
\tikz@lastysaved=\dimen295
\tikz@lastmovetox=\dimen296
\tikz@lastmovetoy=\dimen297
\tikzleveldistance=\dimen298
\tikzsiblingdistance=\dimen299
\tikz@figbox=\box111
\tikz@figbox@bg=\box112
\tikz@tempbox=\box113
\tikz@tempbox@bg=\box114
\tikztreelevel=\count310
\tikznumberofchildren=\count311
\tikznumberofcurrentchild=\count312
\tikz@fig@count=\count313

(Y:\Miktex\tex/generic/pgf/modules\pgfmodulematrix.code.tex
File: pgfmodulematrix.code.tex 2020/01/08 v3.1.5b (3.1.5b)
\pgfmatrixcurrentrow=\count314
\pgfmatrixcurrentcolumn=\count315
\pgf@matrix@numberofcolumns=\count316
)
\tikz@expandcount=\count317

(Y:\Miktex\tex/generic/pgf/frontendlayer/tikz/libraries\tikzlibrarytopaths.code
.tex
File: tikzlibrarytopaths.code.tex 2020/01/08 v3.1.5b (3.1.5b)
)))
(Y:\Miktex\tex/generic/pgf/frontendlayer/tikz/libraries/circuits\tikzlibrarycir
cuits.ee.IEC.code.tex
(Y:\Miktex\tex/generic/pgf/frontendlayer/tikz/libraries\tikzlibraryarrows.code.
tex
File: tikzlibraryarrows.code.tex 2020/01/08 v3.1.5b (3.1.5b)
 (Y:\Miktex\tex/generic/pgf/libraries\pgflibraryarrows.code.tex
File: pgflibraryarrows.code.tex 2020/01/08 v3.1.5b (3.1.5b)
\arrowsize=\dimen300
))
(Y:\Miktex\tex/generic/pgf/frontendlayer/tikz/libraries/circuits\tikzlibrarycir
cuits.ee.code.tex
(Y:\Miktex\tex/generic/pgf/frontendlayer/tikz/libraries/circuits\tikzlibrarycir
cuits.code.tex
(Y:\Miktex\tex/generic/pgf/frontendlayer/tikz/libraries\tikzlibrarycalc.code.te
x
File: tikzlibrarycalc.code.tex 2020/01/08 v3.1.5b (3.1.5b)
)
(Y:\Miktex\tex/generic/pgf/frontendlayer/tikz/libraries\tikzlibrarydecorations.
markings.code.tex
(Y:\Miktex\tex/generic/pgf/frontendlayer/tikz/libraries\tikzlibrarydecorations.
code.tex (Y:\Miktex\tex/generic/pgf/modules\pgfmoduledecorations.code.tex
\pgfdecoratedcompleteddistance=\dimen301
\pgfdecoratedremainingdistance=\dimen302
\pgfdecoratedinputsegmentcompleteddistance=\dimen303
\pgfdecoratedinputsegmentremainingdistance=\dimen304
\pgf@decorate@distancetomove=\dimen305
\pgf@decorate@repeatstate=\count318
\pgfdecorationsegmentamplitude=\dimen306
\pgfdecorationsegmentlength=\dimen307
)
\tikz@lib@dec@box=\box115
)
(Y:\Miktex\tex/generic/pgf/libraries/decorations\pgflibrarydecorations.markings
.code.tex))
\tikz@lib@circ@count=\count319
\tikzcircuitssizeunit=\dimen308
)
(Y:\Miktex\tex/generic/pgf/libraries/shapes/circuits\pgflibraryshapes.gates.ee.
code.tex))
(Y:\Miktex\tex/generic/pgf/libraries/shapes/circuits\pgflibraryshapes.gates.ee.
IEC.code.tex))
(Y:\Miktex\tex/generic/pgf/frontendlayer/tikz/libraries\tikzlibrarypositioning.
code.tex
File: tikzlibrarypositioning.code.tex 2020/01/08 v3.1.5b (3.1.5b)
)
(Y:\Miktex\tex/generic/pgf/frontendlayer/tikz/libraries\tikzlibraryshapes.code.
tex
File: tikzlibraryshapes.code.tex 2020/01/08 v3.1.5b (3.1.5b)

(Y:\Miktex\tex/generic/pgf/frontendlayer/tikz/libraries\tikzlibraryshapes.geome
tric.code.tex
File: tikzlibraryshapes.geometric.code.tex 2020/01/08 v3.1.5b (3.1.5b)

(Y:\Miktex\tex/generic/pgf/libraries/shapes\pgflibraryshapes.geometric.code.tex
File: pgflibraryshapes.geometric.code.tex 2020/01/08 v3.1.5b (3.1.5b)
))
(Y:\Miktex\tex/generic/pgf/frontendlayer/tikz/libraries\tikzlibraryshapes.misc.
code.tex
File: tikzlibraryshapes.misc.code.tex 2020/01/08 v3.1.5b (3.1.5b)

(Y:\Miktex\tex/generic/pgf/libraries/shapes\pgflibraryshapes.misc.code.tex
File: pgflibraryshapes.misc.code.tex 2020/01/08 v3.1.5b (3.1.5b)
))
(Y:\Miktex\tex/generic/pgf/frontendlayer/tikz/libraries\tikzlibraryshapes.symbo
ls.code.tex
File: tikzlibraryshapes.symbols.code.tex 2020/01/08 v3.1.5b (3.1.5b)

(Y:\Miktex\tex/generic/pgf/libraries/shapes\pgflibraryshapes.symbols.code.tex
File: pgflibraryshapes.symbols.code.tex 2020/01/08 v3.1.5b (3.1.5b)
))
(Y:\Miktex\tex/generic/pgf/frontendlayer/tikz/libraries\tikzlibraryshapes.arrow
s.code.tex
File: tikzlibraryshapes.arrows.code.tex 2020/01/08 v3.1.5b (3.1.5b)

(Y:\Miktex\tex/generic/pgf/libraries/shapes\pgflibraryshapes.arrows.code.tex
File: pgflibraryshapes.arrows.code.tex 2020/01/08 v3.1.5b (3.1.5b)
))
(Y:\Miktex\tex/generic/pgf/frontendlayer/tikz/libraries\tikzlibraryshapes.callo
uts.code.tex
(Y:\Miktex\tex/generic/pgf/libraries/shapes\pgflibraryshapes.callouts.code.tex)
)
(Y:\Miktex\tex/generic/pgf/frontendlayer/tikz/libraries\tikzlibraryshapes.multi
part.code.tex
File: tikzlibraryshapes.multipart.code.tex 2020/01/08 v3.1.5b (3.1.5b)

(Y:\Miktex\tex/generic/pgf/libraries/shapes\pgflibraryshapes.multipart.code.tex
File: pgflibraryshapes.multipart.code.tex 2020/01/08 v3.1.5b (3.1.5b)
\pgfnodepartlowerbox=\box116
\pgfnodeparttwobox=\box117
\pgfnodepartthreebox=\box118
\pgfnodepartfourbox=\box119
\pgfnodeparttwentybox=\box120
\pgfnodepartnineteenbox=\box121
\pgfnodeparteighteenbox=\box122
\pgfnodepartseventeenbox=\box123
\pgfnodepartsixteenbox=\box124
\pgfnodepartfifteenbox=\box125
\pgfnodepartfourteenbox=\box126
\pgfnodepartthirteenbox=\box127
\pgfnodeparttwelvebox=\box128
\pgfnodepartelevenbox=\box129
\pgfnodeparttenbox=\box130
\pgfnodepartninebox=\box131
\pgfnodeparteightbox=\box132
\pgfnodepartsevenbox=\box133
\pgfnodepartsixbox=\box134
\pgfnodepartfivebox=\box135
))) (Y:\Miktex\tex/latex/pgfplots\pgfplots.sty
(Y:\Miktex\tex/generic/pgfplots\pgfplots.revision.tex)
Package: pgfplots 2020/02/29 v1.17 Data Visualization (1.17)

(Y:\Miktex\tex/generic/pgfplots\pgfplots.code.tex
(Y:\Miktex\tex/generic/pgfplots\pgfplotscore.code.tex
\t@pgfplots@toka=\toks45
\t@pgfplots@tokb=\toks46
\t@pgfplots@tokc=\toks47
\pgfplots@tmpa=\dimen309
\c@pgfplots@coordindex=\count320
\c@pgfplots@scanlineindex=\count321

(Y:\Miktex\tex/generic/pgfplots/sys\pgfplotssysgeneric.code.tex))
(Y:\Miktex\tex/generic/pgfplots/libs\pgfplotslibrary.code.tex)
(Y:\Miktex\tex/generic/pgfplots/oldpgfcompatib\pgfplotsoldpgfsupp_loader.code.t
ex (Y:\Miktex\tex/generic/pgf/libraries\pgflibraryfpu.code.tex))
(Y:\Miktex\tex/generic/pgfplots/util\pgfplotsutil.code.tex
(Y:\Miktex\tex/generic/pgfplots/liststructure\pgfplotsliststructure.code.tex)
(Y:\Miktex\tex/generic/pgfplots/liststructure\pgfplotsliststructureext.code.tex
) (Y:\Miktex\tex/generic/pgfplots/liststructure\pgfplotsarray.code.tex
\c@pgfplotsarray@tmp=\count322
)
(Y:\Miktex\tex/generic/pgfplots/liststructure\pgfplotsmatrix.code.tex)
(Y:\Miktex\tex/generic/pgfplots/numtable\pgfplotstableshared.code.tex
\c@pgfplotstable@counta=\count323
\t@pgfplotstable@a=\toks48
)
(Y:\Miktex\tex/generic/pgfplots/liststructure\pgfplotsdeque.code.tex)
(Y:\Miktex\tex/generic/pgfplots/util\pgfplotsbinary.code.tex
(Y:\Miktex\tex/generic/pgfplots/util\pgfplotsbinary.data.code.tex))
(Y:\Miktex\tex/generic/pgfplots/util\pgfplotsutil.verb.code.tex)
(Y:\Miktex\tex/generic/pgfplots/libs\pgflibrarypgfplots.surfshading.code.tex
\c@pgfplotslibrarysurf@no=\count324

(Y:\Miktex\tex/generic/pgfplots/sys\pgflibrarypgfplots.surfshading.pgfsys-pdfte
x.def))) (Y:\Miktex\tex/generic/pgfplots/util\pgfplotscolormap.code.tex
(Y:\Miktex\tex/generic/pgfplots/util\pgfplotscolor.code.tex))
(Y:\Miktex\tex/generic/pgfplots\pgfplotsstackedplots.code.tex)
(Y:\Miktex\tex/generic/pgfplots\pgfplotsplothandlers.code.tex
(Y:\Miktex\tex/generic/pgfplots\pgfplotsmeshplothandler.code.tex
(Y:\Miktex\tex/generic/pgfplots\pgfplotsmeshplotimage.code.tex)))
(Y:\Miktex\tex/generic/pgfplots\pgfplots.scaling.code.tex)
(Y:\Miktex\tex/generic/pgfplots\pgfplotscoordprocessing.code.tex)
(Y:\Miktex\tex/generic/pgfplots\pgfplots.errorbars.code.tex)
(Y:\Miktex\tex/generic/pgfplots\pgfplots.markers.code.tex)
(Y:\Miktex\tex/generic/pgfplots\pgfplotsticks.code.tex)
(Y:\Miktex\tex/generic/pgfplots\pgfplots.paths.code.tex)
(Y:\Miktex\tex/generic/pgf/frontendlayer/tikz/libraries\tikzlibrarydecorations.
pathmorphing.code.tex
(Y:\Miktex\tex/generic/pgf/libraries/decorations\pgflibrarydecorations.pathmorp
hing.code.tex))
(Y:\Miktex\tex/generic/pgf/frontendlayer/tikz/libraries\tikzlibrarydecorations.
pathreplacing.code.tex
(Y:\Miktex\tex/generic/pgf/libraries/decorations\pgflibrarydecorations.pathrepl
acing.code.tex))
\pgfplots@numplots=\count325
\pgfplots@xmin@reg=\dimen310
\pgfplots@xmax@reg=\dimen311
\pgfplots@ymin@reg=\dimen312
\pgfplots@ymax@reg=\dimen313
\pgfplots@zmin@reg=\dimen314
\pgfplots@zmax@reg=\dimen315
)
(Y:\Miktex\tex/generic/pgf/frontendlayer/tikz/libraries\tikzlibraryplotmarks.co
de.tex
File: tikzlibraryplotmarks.code.tex 2020/01/08 v3.1.5b (3.1.5b)
 (Y:\Miktex\tex/generic/pgf/libraries\pgflibraryplotmarks.code.tex
File: pgflibraryplotmarks.code.tex 2020/01/08 v3.1.5b (3.1.5b)
)))
(Y:\Miktex\tex/generic/pgf/libraries\pgflibraryarrows.meta.code.tex
File: pgflibraryarrows.meta.code.tex 2020/01/08 v3.1.5b (3.1.5b)
\pgfarrowinset=\dimen316
\pgfarrowlength=\dimen317
\pgfarrowwidth=\dimen318
\pgfarrowlinewidth=\dimen319
)
(Y:\Miktex\tex/generic/pgf/frontendlayer/tikz/libraries\tikzlibraryscopes.code.
tex
File: tikzlibraryscopes.code.tex 2020/01/08 v3.1.5b (3.1.5b)
) (Y:\Miktex\tex/latex/pdflscape\pdflscape.sty
Package: pdflscape 2019/12/05 v0.12 Display of landscape pages in PDF (HO)

(Y:\Miktex\tex/latex/graphics\lscape.sty
Package: lscape 2000/10/22 v3.01 Landscape Pages (DPC)
)
Package pdflscape Info: Auto-detected driver: pdftex on input line 81.
) (Y:\Miktex\tex/latex/svg\svg.sty
Package: svg 2020/06/23 v2.02h (include SVG pictures)

(Y:\Miktex\tex/generic/pdftexcmds\pdftexcmds.sty
Package: pdftexcmds 2020-06-27 v0.33 Utility functions of pdfTeX for LuaTeX (HO
)

(Y:\Miktex\tex/generic/infwarerr\infwarerr.sty
Package: infwarerr 2019/12/03 v1.5 Providing info/warning/error messages (HO)
)
(Y:\Miktex\tex/generic/ltxcmds\ltxcmds.sty
Package: ltxcmds 2019/12/15 v1.24 LaTeX kernel commands for general use (HO)
)
Package pdftexcmds Info: \pdf@primitive is available.
Package pdftexcmds Info: \pdf@ifprimitive is available.
Package pdftexcmds Info: \pdfdraftmode found.
)
(Y:\Miktex\tex/latex/trimspaces\trimspaces.sty
Package: trimspaces 2009/09/17 v1.1 Trim spaces around a token list
)
(Y:\Miktex\tex/latex/tools\shellesc.sty
Package: shellesc 2019/11/08 v1.0c unified shell escape interface for LaTeX
Package shellesc Info: Restricted shell escape enabled on input line 77.
)
\c@svg@param@lastpage=\count326
\svg@box=\box136
\c@svg@param@currpage=\count327
)
(Y:\Miktex\tex/latex/transparent\transparent.sty
Package: transparent 2019/11/29 v1.4 Transparency via pdfTeX's color stack (HO)


(Y:\Miktex\tex/latex/auxhook\auxhook.sty
Package: auxhook 2019-12-17 v1.6 Hooks for auxiliary files (HO)
))
(Y:\Miktex\tex/generic/pgf/frontendlayer/tikz/libraries\tikzlibrary3d.code.tex
File: tikzlibrary3d.code.tex 2020/01/08 v3.1.5b (3.1.5b)
)
(Y:\Miktex\tex/generic/pgf/frontendlayer/tikz/libraries\tikzlibraryfit.code.tex
File: tikzlibraryfit.code.tex 2020/01/08 v3.1.5b (3.1.5b)
) (Y:\Miktex\tex/latex/lipsum\lipsum.sty
(Y:\Miktex\tex/latex/l3kernel\expl3.sty
Package: expl3 2020-08-07 L3 programming layer (loader) 

(Y:\Miktex\tex/latex/l3backend\l3backend-pdfmode.def
File: l3backend-pdfmode.def 2020-08-07 L3 backend support: PDF mode
\l__kernel_color_stack_int=\count328
\l__pdf_internal_box=\box137
))
(Y:\Miktex\tex/latex/l3packages/xparse\xparse.sty
Package: xparse 2020-05-15 L3 Experimental document command parser

(Y:\Miktex\tex/latex/l3packages/xparse\xparse-generic.tex
\l__xparse_current_arg_int=\count329
\g__xparse_grabber_int=\count330
\l__xparse_m_args_int=\count331
\l__xparse_v_nesting_int=\count332
))
Package: lipsum 2019/01/02 v2.2 150 paragraphs of Lorem Ipsum dummy text

(Y:\Miktex\tex/latex/lipsum\lipsum.ltd.tex
File: lipsum.ltd.tex 2019/01/02 v2.2 The Lorem ipsum dummy text
))
(Y:\Miktex\tex/latex/docmute\docmute.sty
Package: docmute 2012/03/22 v1.4 Input stand-alone documents
)
(Y:\Miktex\tex/latex/amsfonts\amssymb.sty
Package: amssymb 2013/01/14 v3.01 AMS font symbols

(Y:\Miktex\tex/latex/amsfonts\amsfonts.sty
Package: amsfonts 2013/01/14 v3.01 Basic AMSFonts support
\symAMSa=\mathgroup4
\symAMSb=\mathgroup5
LaTeX Font Info:    Redeclaring math symbol \hbar on input line 98.
LaTeX Font Info:    Overwriting math alphabet `\mathfrak' in version `bold'
(Font)                  U/euf/m/n --> U/euf/b/n on input line 106.
))
(Y:\Miktex\tex/latex/base\fontenc.sty
Package: fontenc 2020/02/11 v2.0o Standard LaTeX package
LaTeX Font Info:    Trying to load font information for T1+cmss on input line 1
12.
 (Y:\Miktex\tex/latex/base\t1cmss.fd
File: t1cmss.fd 2019/12/16 v2.5j Standard LaTeX font definitions
))
(Y:\Miktex\tex/latex/psnfss\helvet.sty
Package: helvet 2020/03/25 PSNFSS-v9.3 (WaS) 
) (Y:\Miktex\tex/latex/url\url.sty
\Urlmuskip=\muskip17
Package: url 2013/09/16  ver 3.4  Verb mode for urls, etc.
)
(Y:\Miktex\tex/latex/siunitx\siunitx.sty
Package: siunitx 2020/02/25 v2.8b A comprehensive (SI) units package

(Y:\Miktex\tex/latex/l3packages/l3keys2e\l3keys2e.sty
Package: l3keys2e 2020-05-15 LaTeX2e option processing using LaTeX3 keys
)
\l__siunitx_tmp_box=\box138
\l__siunitx_tmp_dim=\dimen320
\l__siunitx_tmp_int=\count333
\l__siunitx_number_mantissa_length_int=\count334
\l__siunitx_number_uncert_length_int=\count335
\l__siunitx_round_int=\count336
\l__siunitx_process_decimal_int=\count337
\l__siunitx_process_uncertainty_int=\count338
\l__siunitx_process_fixed_int=\count339
\l__siunitx_process_integer_min_int=\count340
\l__siunitx_process_precision_int=\count341
\l__siunitx_group_min_int=\count342
\l__siunitx_angle_marker_box=\box139
\l__siunitx_angle_unit_box=\box140
\l__siunitx_angle_marker_dim=\dimen321
\l__siunitx_angle_unit_dim=\dimen322
\l__siunitx_unit_int=\count343
\l__siunitx_unit_denominator_int=\count344
\l__siunitx_unit_numerator_int=\count345
\l__siunitx_unit_prefix_int=\count346
\l__siunitx_unit_prefix_base_int=\count347
\l__siunitx_unit_prefix_gram_int=\count348
\l__siunitx_number_product_int=\count349
\c__siunitx_one_fill_skip=\skip80
\l__siunitx_table_unit_align_skip=\skip81
\l__siunitx_table_exponent_dim=\dimen323
\l__siunitx_table_integer_dim=\dimen324
\l__siunitx_table_mantissa_dim=\dimen325
\l__siunitx_table_marker_dim=\dimen326
\l__siunitx_table_result_dim=\dimen327
\l__siunitx_table_uncert_dim=\dimen328
\l__siunitx_table_fill_pre_dim=\dimen329
\l__siunitx_table_fill_post_dim=\dimen330
\l__siunitx_table_fill_mid_dim=\dimen331
\l__siunitx_table_pre_box=\box141
\l__siunitx_table_post_box=\box142
\l__siunitx_table_mantissa_box=\box143
\l__siunitx_table_result_box=\box144
\l__siunitx_table_number_align_skip=\skip82
\l__siunitx_table_text_align_skip=\skip83

(Y:\Miktex\tex/latex/translator\translator.sty
Package: translator 2020-08-03 v1.12c Easy translation of strings in LaTeX
)

Package siunitx Warning: Version 1 option 'decimalsymbol' detected.

(Y:\Miktex\tex/latex/siunitx\siunitx-version-1.cfg
File: siunitx-version-1.cfg 2017/11/26 v2.7k siunitx: Version 1 settings
))
(Y:\Miktex\tex/latex/setspace\setspace.sty
Package: setspace 2011/12/19 v6.7a set line spacing
)
(Y:\Miktex\tex/latex/placeins\placeins.sty
Package: placeins 2005/04/18  v 2.2
)
(Y:\Miktex\tex/latex/jknappen\mathrsfs.sty
Package: mathrsfs 1996/01/01 Math RSFS package v1.0 (jk)
\symrsfs=\mathgroup6
)
(Y:\Miktex\tex/latex/pdfpages\pdfpages.sty
Package: pdfpages 2020/01/28 v0.5q Insert pages of external PDF documents (AM)
 (Y:\Miktex\tex/latex/tools\calc.sty
Package: calc 2017/05/25 v4.3 Infix arithmetic (KKT,FJ)
\calc@Acount=\count350
\calc@Bcount=\count351
\calc@Adimen=\dimen332
\calc@Bdimen=\dimen333
\calc@Askip=\skip84
\calc@Bskip=\skip85
LaTeX Info: Redefining \setlength on input line 80.
LaTeX Info: Redefining \addtolength on input line 81.
\calc@Ccount=\count352
\calc@Cskip=\skip86
) (Y:\Miktex\tex/latex/eso-pic\eso-pic.sty
Package: eso-pic 2018/04/12 v2.0h eso-pic (RN)

(Y:\Miktex\tex/generic/atbegshi\atbegshi.sty
Package: atbegshi 2019/12/05 v1.19 At begin shipout hook (HO)
))
\AM@pagewidth=\dimen334
\AM@pageheight=\dimen335

(Y:\Miktex\tex/latex/pdfpages\pppdftex.def
File: pppdftex.def 2020/01/28 v0.5q Pdfpages driver for pdfTeX (AM)
)
\AM@pagebox=\box145
\AM@global@opts=\toks49
\AM@pagecnt=\count353
\AM@toc@title=\toks50
\c@AM@survey=\count354
\AM@templatesizebox=\box146
)
(Y:\Miktex\tex/latex/enumitem\enumitem.sty
Package: enumitem 2019/06/20 v3.9 Customized lists
\labelindent=\skip87
\enit@outerparindent=\dimen336
\enit@toks=\toks51
\enit@inbox=\box147
\enit@count@id=\count355
\enitdp@description=\count356
)
(Y:\Miktex\tex/latex/hyperref\hyperref.sty
Package: hyperref 2020-05-15 v7.00e Hypertext links for LaTeX

(Y:\Miktex\tex/generic/kvsetkeys\kvsetkeys.sty
Package: kvsetkeys 2019/12/15 v1.18 Key value parser (HO)
)
(Y:\Miktex\tex/generic/kvdefinekeys\kvdefinekeys.sty
Package: kvdefinekeys 2019-12-19 v1.6 Define keys (HO)
)
(Y:\Miktex\tex/generic/pdfescape\pdfescape.sty
Package: pdfescape 2019/12/09 v1.15 Implements pdfTeX's escape features (HO)
)
(Y:\Miktex\tex/latex/hycolor\hycolor.sty
Package: hycolor 2020-01-27 v1.10 Color options for hyperref/bookmark (HO)
)
(Y:\Miktex\tex/latex/letltxmacro\letltxmacro.sty
Package: letltxmacro 2019/12/03 v1.6 Let assignment for LaTeX macros (HO)
)
(Y:\Miktex\tex/latex/kvoptions\kvoptions.sty
Package: kvoptions 2019/11/29 v3.13 Key value format for package options (HO)
)
\@linkdim=\dimen337
\Hy@linkcounter=\count357
\Hy@pagecounter=\count358

(Y:\Miktex\tex/latex/hyperref\pd1enc.def
File: pd1enc.def 2020-05-15 v7.00e Hyperref: PDFDocEncoding definition (HO)
Now handling font encoding PD1 ...
... no UTF-8 mapping file for font encoding PD1
)
(Y:\Miktex\tex/generic/intcalc\intcalc.sty
Package: intcalc 2019/12/15 v1.3 Expandable calculations with integers (HO)
)
(Y:\Miktex\tex/generic/etexcmds\etexcmds.sty
Package: etexcmds 2019/12/15 v1.7 Avoid name clashes with e-TeX commands (HO)
)
\Hy@SavedSpaceFactor=\count359
Package hyperref Info: Option `colorlinks' set `true' on input line 4338.
Package hyperref Info: Hyper figures OFF on input line 4464.
Package hyperref Info: Link nesting OFF on input line 4469.
Package hyperref Info: Hyper index ON on input line 4472.
Package hyperref Info: Plain pages OFF on input line 4479.
Package hyperref Info: Backreferencing OFF on input line 4484.
Package hyperref Info: Implicit mode ON; LaTeX internals redefined.
Package hyperref Info: Bookmarks ON on input line 4717.
\c@Hy@tempcnt=\count360
LaTeX Info: Redefining \url on input line 5076.
\XeTeXLinkMargin=\dimen338

(Y:\Miktex\tex/generic/bitset\bitset.sty
Package: bitset 2019/12/09 v1.3 Handle bit-vector datatype (HO)

(Y:\Miktex\tex/generic/bigintcalc\bigintcalc.sty
Package: bigintcalc 2019/12/15 v1.5 Expandable calculations on big integers (HO
)
))
\Fld@menulength=\count361
\Field@Width=\dimen339
\Fld@charsize=\dimen340
Package hyperref Info: Hyper figures OFF on input line 6347.
Package hyperref Info: Link nesting OFF on input line 6352.
Package hyperref Info: Hyper index ON on input line 6355.
Package hyperref Info: backreferencing OFF on input line 6362.
Package hyperref Info: Link coloring ON on input line 6365.
Package hyperref Info: Link coloring with OCG OFF on input line 6372.
Package hyperref Info: PDF/A mode OFF on input line 6377.
LaTeX Info: Redefining \ref on input line 6417.
LaTeX Info: Redefining \pageref on input line 6421.
\Hy@abspage=\count362
\c@Item=\count363
\c@Hfootnote=\count364
)
Package hyperref Info: Driver (autodetected): hpdftex.

(Y:\Miktex\tex/latex/hyperref\hpdftex.def
File: hpdftex.def 2020-05-15 v7.00e Hyperref driver for pdfTeX

(Y:\Miktex\tex/latex/atveryend\atveryend.sty
Package: atveryend 2019-12-11 v1.11 Hooks at the very end of document (HO)
)
\Fld@listcount=\count365
\c@bookmark@seq@number=\count366

(Y:\Miktex\tex/latex/rerunfilecheck\rerunfilecheck.sty
Package: rerunfilecheck 2019/12/05 v1.9 Rerun checks for auxiliary files (HO)

(Y:\Miktex\tex/generic/uniquecounter\uniquecounter.sty
Package: uniquecounter 2019/12/15 v1.4 Provide unlimited unique counter (HO)
)
Package uniquecounter Info: New unique counter `rerunfilecheck' on input line 2
86.
)
\Hy@SectionHShift=\skip88
)
(Y:\Miktex\tex/latex/acronym\acronym.sty
Package: acronym 2020/04/17 v1.47 Support for acronyms (Tobias Oetiker)

(Y:\Miktex\tex/latex/bigfoot\suffix.sty
Package: suffix 2006/07/15 1.5a Variant command support
)
(Y:\Miktex\tex/latex/xstring\xstring.sty
(Y:\Miktex\tex/generic/xstring\xstring.tex
\integerpart=\count367
\decimalpart=\count368
)
Package: xstring 2019/02/06 v1.83 String manipulations (CT)
)
\AC@clearlist=\toks52
)
(Y:\Miktex\tex/latex/biblatex\biblatex.sty
Package: biblatex 2019/12/01 v3.14 programmable bibliographies (PK/MW)

(Y:\Miktex\tex/latex/logreq\logreq.sty
Package: logreq 2010/08/04 v1.0 xml request logger
\lrq@indent=\count369
 (Y:\Miktex\tex/latex/logreq\logreq.def
File: logreq.def 2010/08/04 v1.0 logreq spec v1.0
))
\c@tabx@nest=\count370
\c@listtotal=\count371
\c@listcount=\count372
\c@liststart=\count373
\c@liststop=\count374
\c@citecount=\count375
\c@citetotal=\count376
\c@multicitecount=\count377
\c@multicitetotal=\count378
\c@instcount=\count379
\c@maxnames=\count380
\c@minnames=\count381
\c@maxitems=\count382
\c@minitems=\count383
\c@citecounter=\count384
\c@maxcitecounter=\count385
\c@savedcitecounter=\count386
\c@uniquelist=\count387
\c@uniquename=\count388
\c@refsection=\count389
\c@refsegment=\count390
\c@maxextratitle=\count391
\c@maxextratitleyear=\count392
\c@maxextraname=\count393
\c@maxextradate=\count394
\c@maxextraalpha=\count395
\c@abbrvpenalty=\count396
\c@highnamepenalty=\count397
\c@lownamepenalty=\count398
\c@maxparens=\count399
\c@parenlevel=\count400
\blx@tempcnta=\count401
\blx@tempcntb=\count402
\blx@tempcntc=\count403
\blx@maxsection=\count404
\blx@maxsegment@0=\count405
\blx@notetype=\count406
\blx@parenlevel@text=\count407
\blx@parenlevel@foot=\count408
\blx@sectionciteorder@0=\count409
\blx@entrysetcounter=\count410
\labelnumberwidth=\skip89
\labelalphawidth=\skip90
\biblabelsep=\skip91
\bibitemsep=\skip92
\bibnamesep=\skip93
\bibinitsep=\skip94
\bibparsep=\skip95
\bibhang=\skip96
\blx@bcfin=\read4
\blx@bcfout=\write4
\blx@langwohyphens=\language80
\c@mincomprange=\count411
\c@maxcomprange=\count412
\c@mincompwidth=\count413
Package biblatex Info: Trying to load biblatex default data model...
Package biblatex Info: ... file 'blx-dm.def' found.
(Y:\Miktex\tex/latex/biblatex\blx-dm.def
File: blx-dm.def 2019/12/01 v3.14 biblatex localization (PK/MW)
)
Package biblatex Info: Trying to load biblatex style data model...
Package biblatex Info: ... file 'IEEEtran.dbx' not found.
Package biblatex Info: Trying to load biblatex custom data model...
Package biblatex Info: ... file 'biblatex-dm.cfg' not found.
\c@afterword=\count414
\c@savedafterword=\count415
\c@annotator=\count416
\c@savedannotator=\count417
\c@author=\count418
\c@savedauthor=\count419
\c@bookauthor=\count420
\c@savedbookauthor=\count421
\c@commentator=\count422
\c@savedcommentator=\count423
\c@editor=\count424
\c@savededitor=\count425
\c@editora=\count426
\c@savededitora=\count427
\c@editorb=\count428
\c@savededitorb=\count429
\c@editorc=\count430
\c@savededitorc=\count431
\c@foreword=\count432
\c@savedforeword=\count433
\c@holder=\count434
\c@savedholder=\count435
\c@introduction=\count436
\c@savedintroduction=\count437
\c@namea=\count438
\c@savednamea=\count439
\c@nameb=\count440
\c@savednameb=\count441
\c@namec=\count442
\c@savednamec=\count443
\c@translator=\count444
\c@savedtranslator=\count445
\c@shortauthor=\count446
\c@savedshortauthor=\count447
\c@shorteditor=\count448
\c@savedshorteditor=\count449
\c@labelname=\count450
\c@savedlabelname=\count451
\c@institution=\count452
\c@savedinstitution=\count453
\c@lista=\count454
\c@savedlista=\count455
\c@listb=\count456
\c@savedlistb=\count457
\c@listc=\count458
\c@savedlistc=\count459
\c@listd=\count460
\c@savedlistd=\count461
\c@liste=\count462
\c@savedliste=\count463
\c@listf=\count464
\c@savedlistf=\count465
\c@location=\count466
\c@savedlocation=\count467
\c@organization=\count468
\c@savedorganization=\count469
\c@origlocation=\count470
\c@savedoriglocation=\count471
\c@origpublisher=\count472
\c@savedorigpublisher=\count473
\c@publisher=\count474
\c@savedpublisher=\count475
\c@language=\count476
\c@savedlanguage=\count477
\c@origlanguage=\count478
\c@savedoriglanguage=\count479
\c@pageref=\count480
\c@savedpageref=\count481
\shorthandwidth=\skip97
\shortjournalwidth=\skip98
\shortserieswidth=\skip99
\shorttitlewidth=\skip100
\shortauthorwidth=\skip101
\shorteditorwidth=\skip102
\locallabelnumberwidth=\skip103
\locallabelalphawidth=\skip104
\localshorthandwidth=\skip105
\localshortjournalwidth=\skip106
\localshortserieswidth=\skip107
\localshorttitlewidth=\skip108
\localshortauthorwidth=\skip109
\localshorteditorwidth=\skip110
Package biblatex Info: Trying to load compatibility code...
Package biblatex Info: ... file 'blx-compat.def' found.

(Y:\Miktex\tex/latex/biblatex\blx-compat.def
File: blx-compat.def 2019/12/01 v3.14 biblatex compatibility (PK/MW)
)
Package biblatex Info: Trying to load BibTeX backend compatibility...
Package biblatex Info: ... file 'blx-bibtex.def' found.

(Y:\Miktex\tex/latex/biblatex\blx-bibtex.def
File: blx-bibtex.def 2019/12/01 v3.14 biblatex compatibility (PK/MW)


Package biblatex Warning: Using fall-back BibTeX(8) backend:
(biblatex)                functionality may be reduced/unavailable.

)
Package biblatex Info: Trying to load generic definitions...
Package biblatex Info: ... file 'biblatex.def' found.
 (Y:\Miktex\tex/latex/biblatex\biblatex.def
File: biblatex.def 2019/12/01 v3.14 biblatex compatibility (PK/MW)
\c@textcitecount=\count482
\c@textcitetotal=\count483
\c@textcitemaxnames=\count484
\c@biburlbigbreakpenalty=\count485
\c@biburlbreakpenalty=\count486
\c@biburlnumpenalty=\count487
\c@biburlucpenalty=\count488
\c@biburllcpenalty=\count489
\biburlbigskip=\muskip18
\biburlnumskip=\muskip19
\biburlucskip=\muskip20
\biburllcskip=\muskip21
\c@smartand=\count490
)
Package biblatex Info: Trying to load bibliography style 'numeric'...
Package biblatex Info: ... file 'numeric.bbx' found.

(Y:\Miktex\tex/latex/biblatex/bbx\numeric.bbx
File: numeric.bbx 2019/12/01 v3.14 biblatex bibliography style (PK/MW)
Package biblatex Info: Trying to load bibliography style 'standard'...
Package biblatex Info: ... file 'standard.bbx' found.

(Y:\Miktex\tex/latex/biblatex/bbx\standard.bbx
File: standard.bbx 2019/12/01 v3.14 biblatex bibliography style (PK/MW)
\c@bbx:relatedcount=\count491
\c@bbx:relatedtotal=\count492
))
Package biblatex Info: Trying to load citation style 'numeric'...
Package biblatex Info: ... file 'numeric.cbx' found.

(Y:\Miktex\tex/latex/biblatex/cbx\numeric.cbx
File: numeric.cbx 2019/12/01 v3.14 biblatex citation style (PK/MW)
Package biblatex Info: Redefining '\cite'.
Package biblatex Info: Redefining '\parencite'.
Package biblatex Info: Redefining '\footcite'.
Package biblatex Info: Redefining '\footcitetext'.
Package biblatex Info: Redefining '\smartcite'.
Package biblatex Info: Redefining '\supercite'.
Package biblatex Info: Redefining '\textcite'.
Package biblatex Info: Redefining '\textcites'.
Package biblatex Info: Redefining '\cites'.
Package biblatex Info: Redefining '\parencites'.
Package biblatex Info: Redefining '\smartcites'.
)
Package biblatex Info: Trying to load configuration file...
Package biblatex Info: ... file 'biblatex.cfg' found.

(Y:\Miktex\tex/latex/biblatex\biblatex.cfg
File: biblatex.cfg 
))
(Y:\Miktex\tex/latex/listings\listings.sty
\lst@mode=\count493
\lst@gtempboxa=\box148
\lst@token=\toks53
\lst@length=\count494
\lst@currlwidth=\dimen341
\lst@column=\count495
\lst@pos=\count496
\lst@lostspace=\dimen342
\lst@width=\dimen343
\lst@newlines=\count497
\lst@lineno=\count498
\lst@maxwidth=\dimen344

(Y:\Miktex\tex/latex/listings\lstmisc.sty
File: lstmisc.sty 2020/03/24 1.8d (Carsten Heinz)
\c@lstnumber=\count499
\lst@skipnumbers=\count500
\lst@framebox=\box149
)
(Y:\Miktex\tex/latex/listings\listings.cfg
File: listings.cfg 2020/03/24 1.8d listings configuration
))
Package: listings 2020/03/24 1.8d (Carsten Heinz)

(Y:\Miktex\tex/latex/listings\lstlang1.sty
File: lstlang1.sty 2020/03/24 1.8d listings language file
)
(Y:\Miktex\tex/latex/nicematrix\nicematrix.sty
Package: nicematrix 2020/08/19 v5.2 Enhanced arrays with the help of PGF/TikZ
\g__nicematrix_env_int=\count501
\g__nicematrix_NiceMatrixBlock_int=\count502
\l__nicematrix_columns_width_dim=\dimen345
\l__nicematrix_tabular_width_dim=\dimen346
\l__nicematrix_old_iRow_int=\count503
\l__nicematrix_old_jCol_int=\count504
\l__nicematrix_x_initial_dim=\dimen347
\l__nicematrix_y_initial_dim=\dimen348
\l__nicematrix_x_final_dim=\dimen349
\l__nicematrix_y_final_dim=\dimen350
\l_tmpc_dim=\dimen351
\l_tmpd_dim=\dimen352
\__nicematrix_old_arraycolsep_dim=\dimen353
\g__nicematrix_width_last_col_dim=\dimen354
\g__nicematrix_width_first_col_dim=\dimen355
\g__nicematrix_static_num_of_col_int=\count505
\l__nicematrix_first_row_int=\count506
\l__nicematrix_first_col_int=\count507
\l__nicematrix_last_row_int=\count508
\l__nicematrix_last_col_int=\count509
\c@tabularnote=\count510
\l__nicematrix_number_of_notes_int=\count511
\l__nicematrix_cell_space_top_limit_dim=\dimen356
\l__nicematrix_cell_space_bottom_limit_dim=\dimen357
\l__nicematrix_inter_dots_dim=\dimen358
\l__nicematrix_xdots_shorten_dim=\dimen359
\l__nicematrix_radius_dim=\dimen360
\l__nicematrix_notes_above_space_dim=\dimen361
\l__nicematrix_left_margin_dim=\dimen362
\l__nicematrix_right_margin_dim=\dimen363
\l__nicematrix_extra_left_margin_dim=\dimen364
\l__nicematrix_extra_right_margin_dim=\dimen365
\c__nicematrix_max_l_dim=\dimen366
)
(Y:\Miktex\tex/latex/varwidth\varwidth.sty
Package: varwidth 2009/03/30 ver 0.92;  Variable-width minipages
\@vwid@box=\box150
\sift@deathcycles=\count512
\@vwid@loff=\dimen367
\@vwid@roff=\dimen368
)
(Y:\Miktex\tex/latex/eqparbox\eqparbox.sty
Package: eqparbox 2017/09/03 v4.1 Create equal-widthed boxes
\eqp@tempdima=\skip111
\eqp@tempdimb=\skip112
\eqp@tabular@box=\box151
\eqp@list@box=\box152
\eqp@list@indent=\skip113

(Y:\Miktex\tex/latex/environ\environ.sty
Package: environ 2014/05/04 v0.3 A new way to define environments
))
(Y:\Miktex\tex/generic/pgf/frontendlayer/tikz/libraries\tikzlibrarymatrix.code.
tex
File: tikzlibrarymatrix.code.tex 2020/01/08 v3.1.5b (3.1.5b)
)
(Y:\Miktex\tex/generic/pgf/frontendlayer/tikz/libraries\tikzlibrarybending.code
.tex
File: tikzlibrarybending.code.tex 2020/01/08 v3.1.5b (3.1.5b)
 (Y:\Miktex\tex/generic/pgf/modules\pgfmodulebending.code.tex
File: pgfmodulebending.code.tex 2020/01/08 v3.1.5b (3.1.5b)

(Y:\Miktex\tex/generic/pgf/modules\pgfmodulenonlineartransformations.code.tex
File: pgfmodulenonlineartransformations.code.tex 2020/01/08 v3.1.5b (3.1.5b)
\pgftransformnonlinearflatness=\dimen369
)
(Y:\Miktex\tex/generic/pgf/libraries\pgflibrarycurvilinear.code.tex
File: pgflibrarycurvilinear.code.tex 2020/01/08 v3.1.5b (3.1.5b)
\pgf@curvilinear@time@a=\dimen370
\pgf@curvilinear@length@a=\dimen371
\pgf@curvilinear@length@b=\dimen372
\pgf@curvilinear@length@c=\dimen373
\pgf@curvilinear@length@d=\dimen374
)
\pgf@arrows@the@rigidity=\dimen375
))
\matrixcellbox=\box153

(Y:\Miktex\tex/generic/pgf/frontendlayer/tikz/libraries\tikzlibrarychains.code.
tex
File: tikzlibrarychains.code.tex 2020/01/08 v3.1.5b (3.1.5b)
)

LaTeX Warning: Unused global option(s):
    [tikz,margin=5mm].

(Masterarbeit_Giuliano_Montorio.aux

LaTeX Warning: Label `fig: depthwise conv ' multiply defined.


LaTeX Warning: Label `eq: rechenaufwand dw' multiply defined.


LaTeX Warning: Label `eq: transferfct' multiply defined.


LaTeX Warning: Label `eq: transferfct' multiply defined.


LaTeX Warning: Label `eq: transferfct' multiply defined.


LaTeX Warning: Label `fig: ssdmobilenetv2' multiply defined.


LaTeX Warning: Label `fig: ssdmobilenetv2' multiply defined.


LaTeX Warning: Label `fig: ssdmobilenetv2' multiply defined.


LaTeX Warning: Label `fig: mobilessdtab' multiply defined.

)
\openout1 = `Masterarbeit_Giuliano_Montorio.aux'.

LaTeX Font Info:    Checking defaults for OML/cmm/m/it on input line 274.
LaTeX Font Info:    ... okay on input line 274.
LaTeX Font Info:    Checking defaults for OMS/cmsy/m/n on input line 274.
LaTeX Font Info:    ... okay on input line 274.
LaTeX Font Info:    Checking defaults for OT1/cmr/m/n on input line 274.
LaTeX Font Info:    ... okay on input line 274.
LaTeX Font Info:    Checking defaults for T1/cmr/m/n on input line 274.
LaTeX Font Info:    ... okay on input line 274.
LaTeX Font Info:    Checking defaults for TS1/cmr/m/n on input line 274.
LaTeX Font Info:    ... okay on input line 274.
LaTeX Font Info:    Checking defaults for OMX/cmex/m/n on input line 274.
LaTeX Font Info:    ... okay on input line 274.
LaTeX Font Info:    Checking defaults for U/cmr/m/n on input line 274.
LaTeX Font Info:    ... okay on input line 274.
LaTeX Font Info:    Checking defaults for PD1/pdf/m/n on input line 274.
LaTeX Font Info:    ... okay on input line 274.
LaTeX Font Info:    Trying to load font information for T1+phv on input line 27
4.
 (Y:\Miktex\tex/latex/psnfss\t1phv.fd
File: t1phv.fd 2020/03/25 scalable font definitions for T1/phv.
)
LaTeX Font Info:    Font shape `T1/phv/m/n' will be
(Font)              scaled to size 10.79993pt on input line 274.

*geometry* driver: auto-detecting
*geometry* detected driver: pdftex
*geometry* verbose mode - [ preamble ] result:
* driver: pdftex
* paper: a4paper
* layout: <same size as paper>
* layoutoffset:(h,v)=(0.0pt,0.0pt)
* modes: includehead includefoot 
* h-part:(L,W,R)=(71.13188pt, 455.24411pt, 71.13188pt)
* v-part:(T,H,B)=(71.13188pt, 702.78308pt, 71.13188pt)
* \paperwidth=597.50787pt
* \paperheight=845.04684pt
* \textwidth=455.24411pt
* \textheight=612.15808pt
* \oddsidemargin=-1.1381pt
* \evensidemargin=-1.1381pt
* \topmargin=-1.1381pt
* \headheight=18.125pt
* \headsep=21.75pt
* \topskip=12.0pt
* \footskip=50.75pt
* \marginparwidth=49.79233pt
* \marginparsep=12.8401pt
* \columnsep=10.0pt
* \skip\footins=10.8pt plus 4.0pt minus 2.0pt
* \hoffset=0.0pt
* \voffset=0.0pt
* \mag=1000
* \@twocolumnfalse
* \@twosidefalse
* \@mparswitchfalse
* \@reversemarginfalse
* (1in=72.27pt=25.4mm, 1cm=28.453pt)

(Y:\Miktex\tex/context/base/mkii\supp-pdf.mkii
[Loading MPS to PDF converter (version 2006.09.02).]
\scratchcounter=\count513
\scratchdimen=\dimen376
\scratchbox=\box154
\nofMPsegments=\count514
\nofMParguments=\count515
\everyMPshowfont=\toks54
\MPscratchCnt=\count516
\MPscratchDim=\dimen377
\MPnumerator=\count517
\makeMPintoPDFobject=\count518
\everyMPtoPDFconversion=\toks55
) (Y:\Miktex\tex/latex/epstopdf-pkg\epstopdf-base.sty
Package: epstopdf-base 2020-01-24 v2.11 Base part for package epstopdf
Package epstopdf-base Info: Redefining graphics rule for `.eps' on input line 4
85.
)
Package caption Info: Begin \AtBeginDocument code.
Package caption Info: hyperref package is loaded.
Package caption Info: listings package is loaded.
Package caption Info: End \AtBeginDocument code.

ABD: EveryShipout initializing macros

Package pgfplots Warning: running in backwards compatibility mode (unsuitable t
ick labels; missing features). Consider writing \pgfplotsset{compat=1.17} into 
your preamble.
 on input line 274.

(Y:\Miktex\tex/latex/translator\translator-basic-dictionary-English.dict
Dictionary: translator-basic-dictionary, Language: English 
)
(Y:\Miktex\tex/latex/siunitx\siunitx-abbreviations.cfg
File: siunitx-abbreviations.cfg 2017/11/26 v2.7k siunitx: Abbreviated units
)
\AtBeginShipoutBox=\box155
Package hyperref Info: Link coloring ON on input line 274.

(Y:\Miktex\tex/latex/hyperref\nameref.sty
Package: nameref 2019/09/16 v2.46 Cross-referencing by name of section

(Y:\Miktex\tex/latex/refcount\refcount.sty
Package: refcount 2019/12/15 v3.6 Data extraction from label references (HO)
)
(Y:\Miktex\tex/generic/gettitlestring\gettitlestring.sty
Package: gettitlestring 2019/12/15 v1.6 Cleanup title references (HO)
)
\c@section@level=\count519
)
LaTeX Info: Redefining \ref on input line 274.
LaTeX Info: Redefining \pageref on input line 274.
LaTeX Info: Redefining \nameref on input line 274.

(Masterarbeit_Giuliano_Montorio.out) (Masterarbeit_Giuliano_Montorio.out)
\@outlinefile=\write5
\openout5 = `Masterarbeit_Giuliano_Montorio.out'.

Class scrbook Info: loading recommended package `bookmark'.
(scrbook)           Using `bookmark' together with `hyperref' is recommended,
(scrbook)           because of handling of possible bookmark level gaps.
(scrbook)           You can avoid loading `bookmark' with KOMA-Script option
(scrbook)           `bookmarkpackage=false' before \begin{document} and
(scrbook)           you can avoid this message adding:
(scrbook)             \usepackage{bookmark}
(scrbook)           before \begin{document} on input line 274.

(Y:\Miktex\tex/latex/bookmark\bookmark.sty
Package: bookmark 2019/12/03 v1.28 PDF bookmarks (HO)

(Y:\Miktex\tex/latex/bookmark\bkm-pdftex.def
File: bkm-pdftex.def 2019/12/03 v1.28 bookmark driver for pdfTeX (HO)
Package auxhook Info: \AddLineBeginMainAux comes a little late,
(auxhook)             because the main .aux file is already opened on input lin
e 168.
\BKM@id=\count520
))
Package biblatex Info: Trying to load language 'ngerman'...
Package biblatex Info: ... file 'ngerman.lbx' found.

(Y:\Miktex\tex/latex/biblatex/lbx\ngerman.lbx
File: ngerman.lbx 2019/12/01 v3.14 biblatex localization (PK/MW)
Package biblatex Info: Trying to load language 'german'...
Package biblatex Info: ... file 'german.lbx' found.

(Y:\Miktex\tex/latex/biblatex/lbx\german.lbx
File: german.lbx 2019/12/01 v3.14 biblatex localization (PK/MW)
)
Package biblatex Info: Trying to load language 'german'...
Package biblatex Info: ... file 'german.lbx' found.

(Y:\Miktex\tex/latex/biblatex/lbx\german.lbx
File: german.lbx 2019/12/01 v3.14 biblatex localization (PK/MW)
))
Package biblatex Info: Trying to load language 'USenglish'...
Package biblatex Info: ... file 'USenglish.lbx' found.

(Y:\Miktex\tex/latex/biblatex/lbx\USenglish.lbx
File: USenglish.lbx 2019/12/01 v3.14 biblatex localization (PK/MW)
Package biblatex Info: Trying to load language 'american'...
Package biblatex Info: ... file 'american.lbx' found.

(Y:\Miktex\tex/latex/biblatex/lbx\american.lbx
File: american.lbx 2019/12/01 v3.14 biblatex localization (PK/MW)
Package biblatex Info: Trying to load language 'english'...
Package biblatex Info: ... file 'english.lbx' found.

(Y:\Miktex\tex/latex/biblatex/lbx\english.lbx
File: english.lbx 2019/12/01 v3.14 biblatex localization (PK/MW)
))
Package biblatex Info: Trying to load language 'american'...
Package biblatex Info: ... file 'american.lbx' found.

(Y:\Miktex\tex/latex/biblatex/lbx\american.lbx
File: american.lbx 2019/12/01 v3.14 biblatex localization (PK/MW)
Package biblatex Info: Trying to load language 'english'...
Package biblatex Info: ... file 'english.lbx' found.

(Y:\Miktex\tex/latex/biblatex/lbx\english.lbx
File: english.lbx 2019/12/01 v3.14 biblatex localization (PK/MW)
)))
Package biblatex Info: Input encoding 'utf8' detected.
Package biblatex Info: Automatic encoding selection.
(biblatex)             Assuming data encoding 'utf8'.
Package biblatex Info: Input encoding 'utf8' specified.
Package biblatex Info: Data encoding 'utf8' specified.
(biblatex)             No need to reencode data.
\openout4 = `Masterarbeit_Giuliano_Montorio-blx.bib'.

Package biblatex Info: Trying to load bibliographic data...
Package biblatex Info: ... file 'Masterarbeit_Giuliano_Montorio.bbl' found.

(Masterarbeit_Giuliano_Montorio.bbl)
Package biblatex Info: Reference section=0 on input line 274.
Package biblatex Info: Reference segment=0 on input line 274.
\c@lstlisting=\count521
\c@tabularnotesi=\count522
\enitdp@tabularnotes=\count523
\c@tabularnotes*i=\count524
\enitdp@tabularnotes*=\count525
\docmute@nestinglevel=\count526
LaTeX Font Info:    Trying to load font information for U+msa on input line 274
.
 (Y:\Miktex\tex/latex/amsfonts\umsa.fd
File: umsa.fd 2013/01/14 v3.01 AMS symbols A
)
LaTeX Font Info:    Trying to load font information for U+msb on input line 274
.

(Y:\Miktex\tex/latex/amsfonts\umsb.fd
File: umsb.fd 2013/01/14 v3.01 AMS symbols B
)
LaTeX Font Info:    Trying to load font information for U+rsfs on input line 27
4.
 (Y:\Miktex\tex/latex/jknappen\ursfs.fd
File: ursfs.fd 1998/03/24 rsfs font definition file (jk)
)
<Bilder/Logo_Smart_RGB.jpg, id=6, 606.5862pt x 129.3633pt>
File: Bilder/Logo_Smart_RGB.jpg Graphic file (type jpg)
<use Bilder/Logo_Smart_RGB.jpg>
Package pdftex.def Info: Bilder/Logo_Smart_RGB.jpg  used on input line 291.
(pdftex.def)             Requested size: 227.62206pt x 48.54268pt.
<Bilder/logo.pdf, id=7, 93.5773pt x 23.3761pt>
File: Bilder/logo.pdf Graphic file (type pdf)
<use Bilder/logo.pdf>
Package pdftex.def Info: Bilder/logo.pdf  used on input line 296.
(pdftex.def)             Requested size: 182.09486pt x 45.49506pt.
LaTeX Font Info:    Font shape `T1/phv/m/n' will be
(Font)              scaled to size 22.39185pt on input line 303.
LaTeX Font Info:    Font shape `T1/phv/b/n' will be
(Font)              scaled to size 22.39185pt on input line 304.
LaTeX Font Info:    Font shape `T1/phv/m/n' will be
(Font)              scaled to size 12.9599pt on input line 306.
LaTeX Font Info:    Font shape `T1/phv/b/n' will be
(Font)              scaled to size 10.79993pt on input line 319.

[1





{C:/Users/giull/AppData/Local/MiKTeX/pdftex/config/pdftex.map} <./Bilder/Logo_S
mart_RGB.jpg> <./Bilder/logo.pdf>]
Underfull \hbox (badness 10000) in paragraph at lines 340--363

 []


Underfull \hbox (badness 10000) in paragraph at lines 340--363

 []


Underfull \hbox (badness 10000) in paragraph at lines 340--363

 []


Underfull \hbox (badness 10000) in paragraph at lines 340--363

 []


Underfull \hbox (badness 10000) in paragraph at lines 340--363

 []


Underfull \hbox (badness 10000) in paragraph at lines 340--363

 []


Underfull \hbox (badness 10000) in paragraph at lines 340--363

 []


Underfull \hbox (badness 10000) in paragraph at lines 340--363

 []


Underfull \hbox (badness 10000) in paragraph at lines 340--363

 []


Underfull \hbox (badness 10000) in paragraph at lines 340--363

 []


Underfull \hbox (badness 10000) in paragraph at lines 340--363

 []


Underfull \hbox (badness 10000) in paragraph at lines 340--363

 []

[2





] [1

] (Masterarbeit_Giuliano_Montorio.toc [2

])
\tf@toc=\write6
\openout6 = `Masterarbeit_Giuliano_Montorio.toc'.

LaTeX Font Info:    Font shape `T1/phv/m/sl' will be
(Font)              scaled to size 10.79993pt on input line 386.

Overfull \vbox (1.76944pt too high) has occurred while \output is active []


[3] [4



]
Underfull \vbox (badness 10000) detected at line 447
 []

[5



]
Underfull \hbox (badness 3557) in paragraph at lines 468--469
[]|\T1/phv/m/n/12 Rotatorisches Be-we-gungs-ziel aus au-to-ma-ti-
 []


Underfull \hbox (badness 1412) in paragraph at lines 469--470
[]|\T1/phv/m/n/12 Rotatorisches Be-we-gungs-ziel aus ma-nu-el-len
 []

[6] [7] (_content/Einleitung.tex
chapter 1.

Class scrbook Warning: \float@addtolists detected!
(scrbook)              Implementation of \float@addtolist became
(scrbook)              deprecated in KOMA-Script v3.01 2008/11/14 and
(scrbook)              has been replaced by several more flexible
(scrbook)              features of package `tocbasic`.
(scrbook)              Since Version 3.12 support for deprecated
(scrbook)              \float@addtolist interface has been
(scrbook)              restricted to only some of the KOMA-Script
(scrbook)              features and been removed from others.
(scrbook)              Loading of package `scrhack' may help to
(scrbook)              avoid this warning, if you are using a
(scrbook)              a package that still implements the
(scrbook)              deprecated \float@addtolist interface.

LaTeX Font Info:    Font shape `T1/phv/m/it' in size <12> not available
(Font)              Font shape `T1/phv/m/sl' tried instead on input line 6.
LaTeX Font Info:    Font shape `T1/phv/m/sl' will be
(Font)              scaled to size 10.79993pt on input line 6.

Underfull \hbox (badness 10000) in paragraph at lines 6--7

 []

<Bilder/oben.pdf, id=125, 443.39801pt x 204.72536pt>
File: Bilder/oben.pdf Graphic file (type pdf)
<use Bilder/oben.pdf>
Package pdftex.def Info: Bilder/oben.pdf  used on input line 11.
(pdftex.def)             Requested size: 200.76353pt x 92.69722pt.
<Bilder/seite.pdf, id=126, 443.36952pt x 284.92664pt>
File: Bilder/seite.pdf Graphic file (type pdf)
<use Bilder/seite.pdf>
Package pdftex.def Info: Bilder/seite.pdf  used on input line 15.
(pdftex.def)             Requested size: 200.76353pt x 129.0201pt.

Underfull \hbox (badness 1147) in paragraph at lines 22--23
\T1/phv/m/n/12 ist es ein Fahr-zeug zu ent-wi-ckeln, das nach sei-ner Fer-tig-s
tel-lung Lo-gis-ti-k-auf-ga-ben am
 []


Underfull \hbox (badness 10000) in paragraph at lines 22--23

 []

pdfTeX warning (ext4): destination with the same identifier (name{page.1}) has 
been already used, duplicate ignored
<to be read again> 
                   \relax 
l.23 		
        [1



 <./Bilder/oben.pdf> <./Bilder/seite.pdf

pdfTeX warning: pdflatex.exe (file ./Bilder/seite.pdf): PDF inclusion: multiple
 pdfs with page group included in a single page
>]
Underfull \hbox (badness 10000) in paragraph at lines 24--25

 []


Underfull \hbox (badness 10000) in paragraph at lines 26--27

 []


Overfull \vbox (1.76944pt too high) has occurred while \output is active []

pdfTeX warning (ext4): destination with the same identifier (name{page.2}) has 
been already used, duplicate ignored
<to be read again> 
                   \relax 
l.27 		
        [2]
Underfull \hbox (badness 1072) in paragraph at lines 28--29
\T1/phv/m/n/12 Hil-fe be-sei-tigt wer-den. Wi-der-rum setzt dies ei-ne In-ter-a
k-ti-on mit um-ste-hen-den Per-so-nen
 []


Underfull \hbox (badness 10000) in paragraph at lines 28--29

 []


Underfull \hbox (badness 10000) in paragraph at lines 30--31

 []

(Bilder/tabautonom.tex)
Overfull \vbox (1.76944pt too high) has occurred while \output is active []


[3]
Underfull \hbox (badness 10000) in paragraph at lines 36--37

 []

) (_content/Grundlagen.tex
Overfull \vbox (1.76944pt too high) has occurred while \output is active []


[4]
chapter 2.
LaTeX Font Info:    Font shape `T1/phv/b/n' will be
(Font)              scaled to size 15.55188pt on input line 6.
LaTeX Font Info:    Font shape `T1/phv/b/n' will be
(Font)              scaled to size 12.9599pt on input line 11.

Underfull \hbox (badness 10000) in paragraph at lines 13--14

 []

LaTeX Font Info:    Font shape `T1/phv/m/n' will be
(Font)              scaled to size 15.55188pt on input line 42.

Overfull \hbox (5.6685pt too wide) in paragraph at lines 42--42
 []\T1/phv/m/n/12 Aktivierungs- 
 []

[5

]
Underfull \hbox (badness 10000) in paragraph at lines 72--73

 []


Underfull \hbox (badness 10000) in paragraph at lines 77--79

 []


Underfull \hbox (badness 10000) in paragraph at lines 80--81

 []


Overfull \vbox (1.76944pt too high) has occurred while \output is active []


[6]
Underfull \hbox (badness 10000) in paragraph at lines 168--169

 []


Underfull \hbox (badness 10000) in paragraph at lines 170--171

 []


Overfull \vbox (1.76944pt too high) has occurred while \output is active []


[7]
Underfull \hbox (badness 10000) in paragraph at lines 172--173

 []


Underfull \hbox (badness 10000) in paragraph at lines 177--178

 []

(Bilder/pr.tex

Package array Warning: Column C is already defined on input line 1.


Package array Warning: Column M is already defined on input line 2.

)
Overfull \vbox (1.76944pt too high) has occurred while \output is active []


[8]
Underfull \hbox (badness 10000) in paragraph at lines 181--182

 []


Underfull \hbox (badness 10000) in paragraph at lines 186--187

 []


Underfull \hbox (badness 10000) in paragraph at lines 188--189

 []


Overfull \vbox (1.76944pt too high) has occurred while \output is active []


[9]
Underfull \hbox (badness 10000) in paragraph at lines 193--194

 []


Underfull \hbox (badness 10000) in paragraph at lines 195--196

 []


Underfull \hbox (badness 10000) in paragraph at lines 199--200

 []


Underfull \hbox (badness 10000) in paragraph at lines 201--202

 []


Overfull \vbox (1.76944pt too high) has occurred while \output is active []


[10]
Underfull \hbox (badness 10000) in paragraph at lines 219--220

 []


Underfull \hbox (badness 10000) in paragraph at lines 221--222

 []

(Bilder/hog.tex
<Bilder/hog1crop.png, id=222, 560.8453pt x 447.92343pt>
File: Bilder/hog1crop.png Graphic file (type png)
<use Bilder/hog1crop.png>
Package pdftex.def Info: Bilder/hog1crop.png  used on input line 5.
(pdftex.def)             Requested size: 204.85846pt x 163.61029pt.
<Bilder/hog2crop.jpg, id=223, 560.0925pt x 447.92343pt>
File: Bilder/hog2crop.jpg Graphic file (type jpg)
<use Bilder/hog2crop.jpg>
Package pdftex.def Info: Bilder/hog2crop.jpg  used on input line 10.
(pdftex.def)             Requested size: 204.85846pt x 163.82901pt.
)
Overfull \vbox (1.76944pt too high) has occurred while \output is active []


[11]
Underfull \hbox (badness 10000) in paragraph at lines 225--226

 []


Underfull \hbox (badness 10000) in paragraph at lines 231--232

 []


Overfull \vbox (1.76944pt too high) has occurred while \output is active []


[12 <./Bilder/hog1crop.png> <./Bilder/hog2crop.jpg>] (Bilder/towadatacnn.tex
<Bilder/png.png, id=242, 1069.596pt x 1069.596pt>
File: Bilder/png.png Graphic file (type png)
<use Bilder/png.png>
Package pdftex.def Info: Bilder/png.png  used on input line 49.
(pdftex.def)             Requested size: 42.67862pt x 85.35725pt.
)
Underfull \hbox (badness 10000) in paragraph at lines 237--238

 []


Overfull \vbox (1.76944pt too high) has occurred while \output is active []


[13 <./Bilder/png.png>]
Underfull \hbox (badness 10000) in paragraph at lines 239--240

 []


Underfull \hbox (badness 10000) in paragraph at lines 340--341

 []


Overfull \vbox (1.76944pt too high) has occurred while \output is active []


[14]
Underfull \hbox (badness 10000) in paragraph at lines 415--416

 []


Overfull \vbox (1.76944pt too high) has occurred while \output is active []


[15]
Underfull \hbox (badness 10000) in paragraph at lines 417--418

 []


Underfull \hbox (badness 10000) in paragraph at lines 420--421

 []


LaTeX Warning: Citation 'deep learning' on page 16 undefined on input line 537.



LaTeX Warning: Citation 'deep learning' on page 16 undefined on input line 537.



Overfull \vbox (1.76944pt too high) has occurred while \output is active []


[16]
Underfull \hbox (badness 10000) in paragraph at lines 543--544

 []


Underfull \hbox (badness 10000) in paragraph at lines 545--546

 []


Overfull \vbox (1.76944pt too high) has occurred while \output is active []


[17]
Underfull \hbox (badness 10000) in paragraph at lines 596--597

 []


Overfull \vbox (1.76944pt too high) has occurred while \output is active []


[18]
Underfull \hbox (badness 10000) in paragraph at lines 598--599

 []


Underfull \hbox (badness 10000) in paragraph at lines 602--603

 []


Overfull \vbox (1.76944pt too high) has occurred while \output is active []


[19]
Underfull \hbox (badness 10000) in paragraph at lines 652--653

 []


Underfull \hbox (badness 10000) in paragraph at lines 656--657

 []


Overfull \vbox (1.76944pt too high) has occurred while \output is active []


[20]
Underfull \hbox (badness 10000) in paragraph at lines 662--663

 []


Underfull \hbox (badness 10000) in paragraph at lines 664--665

 []


Overfull \vbox (1.76944pt too high) has occurred while \output is active []


[21]
Underfull \hbox (badness 10000) in paragraph at lines 673--674

 []


Underfull \hbox (badness 10000) in paragraph at lines 675--676

 []

(Bilder/depthwiseconv.tex
Underfull \hbox (badness 10000) in paragraph at lines 684--1

 []

)
Overfull \vbox (1.76944pt too high) has occurred while \output is active []


[22]
Underfull \hbox (badness 10000) in paragraph at lines 687--688

 []

LaTeX Font Info:    Font shape `T1/phv/m/n' will be
(Font)              scaled to size 7.19995pt on input line 690.
LaTeX Font Info:    Font shape `T1/phv/m/n' will be
(Font)              scaled to size 5.39996pt on input line 690.

Underfull \hbox (badness 10000) in paragraph at lines 692--693

 []


Overfull \vbox (1.76944pt too high) has occurred while \output is active []


[23]
Underfull \hbox (badness 10000) in paragraph at lines 698--700

 []


Underfull \hbox (badness 10000) in paragraph at lines 707--708

 []


Overfull \vbox (1.76944pt too high) has occurred while \output is active []


[24]
Underfull \hbox (badness 10000) in paragraph at lines 720--721

 []


Underfull \hbox (badness 10000) in paragraph at lines 722--723

 []


Underfull \hbox (badness 10000) in paragraph at lines 724--725

 []


Overfull \vbox (1.76944pt too high) has occurred while \output is active []


[25]
Underfull \hbox (badness 10000) in paragraph at lines 734--737

 []


Underfull \hbox (badness 10000) in paragraph at lines 746--748

 []


Overfull \vbox (1.76944pt too high) has occurred while \output is active []


[26]
Underfull \hbox (badness 10000) in paragraph at lines 758--759

 []


Underfull \hbox (badness 10000) in paragraph at lines 761--762

 []


Underfull \hbox (badness 10000) in paragraph at lines 763--764

 []


Overfull \vbox (1.76944pt too high) has occurred while \output is active []


[27]
Underfull \hbox (badness 10000) in paragraph at lines 791--792

 []


Underfull \hbox (badness 10000) in paragraph at lines 800--801

 []


Underfull \hbox (badness 10000) in paragraph at lines 807--808

 []

LaTeX Info: Symbol \textasciiacute not provided by
            font family phv in TS1 encoding.
            Default family used instead on input line 811.
LaTeX Font Info:    Trying to load font information for TS1+cmss on input line 
811.
(Y:\Miktex\tex/latex/base\ts1cmss.fd
File: ts1cmss.fd 2019/12/16 v2.5j Standard LaTeX font definitions
)
Overfull \vbox (1.76944pt too high) has occurred while \output is active []


[28]
Underfull \hbox (badness 10000) in paragraph at lines 816--817

 []


Underfull \hbox (badness 10000) in paragraph at lines 826--827

 []


Underfull \hbox (badness 10000) in paragraph at lines 833--834

 []

) (_content/Konzeptionierung.tex
Overfull \vbox (1.76944pt too high) has occurred while \output is active []


[29]
chapter 3.

Underfull \hbox (badness 10000) in paragraph at lines 10--11

 []

(Bilder/umfeldmodell.tex
LaTeX Font Info:    Font shape `T1/phv/m/n' will be
(Font)              scaled to size 8.99994pt on input line 37.
) [30

]
Underfull \hbox (badness 10000) in paragraph at lines 14--15

 []


Underfull \hbox (badness 2698) in paragraph at lines 16--17
\T1/phv/m/n/12 Kameras not-wen-dig. Als Aus-ga-be wer-den zwei-di-men-sio-na-le
 Po-si-tio-nen von er-kann-ten
 []


Underfull \hbox (badness 10000) in paragraph at lines 16--17

 []


Overfull \vbox (1.76944pt too high) has occurred while \output is active []


[31] (Bilder/wirknav.tex)
Underfull \hbox (badness 10000) in paragraph at lines 25--26

 []


Overfull \vbox (1.76944pt too high) has occurred while \output is active []


[32]

LaTeX Warning: Reference `sec: Zielsetzung' on page 33 undefined on input line 
27.


Underfull \hbox (badness 10000) in paragraph at lines 27--28

 []


Underfull \hbox (badness 10000) in paragraph at lines 32--33

 []

(Bilder/wirkpers.tex)
Overfull \vbox (1.76944pt too high) has occurred while \output is active []


[33]
Underfull \hbox (badness 10000) in paragraph at lines 37--38

 []


Underfull \hbox (badness 10000) in paragraph at lines 42--43

 []

(Bilder/cnnvergleich.tex)
Overfull \vbox (1.76944pt too high) has occurred while \output is active []


[34]
Underfull \hbox (badness 10000) in paragraph at lines 48--49

 []


Underfull \hbox (badness 10000) in paragraph at lines 50--51

 []


Overfull \vbox (1.76944pt too high) has occurred while \output is active []


[35] (Bilder/mobilessd.tex)
Underfull \hbox (badness 10000) in paragraph at lines 54--55

 []


Overfull \vbox (1.76944pt too high) has occurred while \output is active []


[36]
Underfull \hbox (badness 10000) in paragraph at lines 61--62

 []

(Bilder/ownnet.tex)
Underfull \hbox (badness 10000) in paragraph at lines 65--66

 []


Overfull \vbox (1.76944pt too high) has occurred while \output is active []


[37]
Underfull \hbox (badness 10000) in paragraph at lines 67--68

 []


Underfull \hbox (badness 10000) in paragraph at lines 69--70

 []


Overfull \vbox (1.76944pt too high) has occurred while \output is active []


[38]

LaTeX Warning: Reference `sec: Motivation' on page 39 undefined on input line 7
5.


Underfull \hbox (badness 10000) in paragraph at lines 75--76

 []


LaTeX Warning: Reference `sec: Motivation' on page 39 undefined on input line 7
8.


Underfull \hbox (badness 10000) in paragraph at lines 78--79

 []


Overfull \vbox (1.76944pt too high) has occurred while \output is active []


[39]
Underfull \hbox (badness 10000) in paragraph at lines 106--107

 []


Underfull \hbox (badness 10000) in paragraph at lines 108--109

 []


Underfull \hbox (badness 10000) in paragraph at lines 110--111

 []


Overfull \vbox (1.76944pt too high) has occurred while \output is active []


[40]
Underfull \hbox (badness 10000) in paragraph at lines 116--117

 []


Underfull \hbox (badness 10000) in paragraph at lines 118--119

 []


Underfull \hbox (badness 10000) in paragraph at lines 120--121

 []


Underfull \hbox (badness 10000) in paragraph at lines 129--130

 []


Underfull \hbox (badness 10000) in paragraph at lines 137--138

 []


Underfull \hbox (badness 10000) in paragraph at lines 141--142

 []


Overfull \vbox (1.76944pt too high) has occurred while \output is active []


[41]
Underfull \hbox (badness 10000) in paragraph at lines 148--149

 []


Underfull \hbox (badness 10000) in paragraph at lines 150--151

 []


Underfull \hbox (badness 10000) in paragraph at lines 156--157

 []


Underfull \hbox (badness 10000) in paragraph at lines 158--159

 []


Underfull \hbox (badness 10000) in paragraph at lines 165--166

 []


Overfull \vbox (1.76944pt too high) has occurred while \output is active []


[42] (Bilder/uml.tex)
Underfull \hbox (badness 10000) in paragraph at lines 179--180

 []


Overfull \vbox (1.76944pt too high) has occurred while \output is active []


[43]
Underfull \hbox (badness 10000) in paragraph at lines 181--182

 []


Underfull \hbox (badness 10000) in paragraph at lines 183--184

 []



pdfTeX warning: pdflatex.exe (file ./Bilder/person.pdf): PDF inclusion: found P
DF version <1.7>, but at most version <1.5> allowed
<Bilder/person.pdf, id=573, 963.6pt x 542.025pt>
File: Bilder/person.pdf Graphic file (type pdf)
<use Bilder/person.pdf>
Package pdftex.def Info: Bilder/person.pdf  used on input line 187.
(pdftex.def)             Requested size: 455.24411pt x 256.07507pt.

Overfull \vbox (1.76944pt too high) has occurred while \output is active []


[44]
Underfull \hbox (badness 10000) in paragraph at lines 192--193

 []


Overfull \vbox (1.76944pt too high) has occurred while \output is active []


[45 <./Bilder/person.pdf>]

LaTeX Warning: Reference `subsec: Erstellung von Objektinformationen' on page 4
6 undefined on input line 194.


Underfull \hbox (badness 10000) in paragraph at lines 194--195

 []


Overfull \vbox (1.76944pt too high) has occurred while \output is active []


[46]
LaTeX Font Info:    Font shape `T1/phv/m/it' in size <10> not available
(Font)              Font shape `T1/phv/m/sl' tried instead on input line 205.
LaTeX Font Info:    Font shape `T1/phv/m/sl' will be
(Font)              scaled to size 8.99994pt on input line 205.
) (_content/Verifikation.tex
Overfull \vbox (1.76944pt too high) has occurred while \output is active []


[47]
chapter 4.

Underfull \hbox (badness 10000) in paragraph at lines 3--4

 []


Underfull \hbox (badness 10000) in paragraph at lines 5--6

 []


Underfull \hbox (badness 10000) in paragraph at lines 7--8

 []

(Bilder/hog1.tex
Missing character: There is no ; in font nullfont!
PGFPlots: reading {Bilder/hog.csv}


Package pgfplots Warning: Table 'Bilder/hog.csv' has non-unique column name 'a'
. Only the first occurence can be accessed via column names. on input line 25.

PGFPlots: reading {Bilder/hogcoco.csv}

Package pgfplots Warning: Table 'Bilder/hogcoco.csv' has non-unique column name
 'a'. Only the first occurence can be accessed via column names. on input line 
26.

Missing character: There is no ; in font nullfont!
Missing character: There is no ; in font nullfont!
) [48

] (Bilder/cocossdmobilenetv1tflite.tex
Missing character: There is no ; in font nullfont!
PGFPlots: reading {Bilder/cocossdmobilenetv1tflite.csv}


Package pgfplots Warning: Table 'Bilder/cocossdmobilenetv1tflite.csv' has non-u
nique column name 'a'. Only the first occurence can be accessed via column name
s. on input line 25.

PGFPlots: reading {Bilder/cocossdmobilenetv1cocotest.csv}

Package pgfplots Warning: Table 'Bilder/cocossdmobilenetv1cocotest.csv' has non
-unique column name 'a'. Only the first occurence can be accessed via column na
mes. on input line 26.

Missing character: There is no ; in font nullfont!
Missing character: There is no ; in font nullfont!
)
Overfull \vbox (1.76944pt too high) has occurred while \output is active []


[49] (Bilder/ownssdmobilenetv1.tex
Missing character: There is no ; in font nullfont!
PGFPlots: reading {Bilder/ownssdmobilenetv1.csv}


Package pgfplots Warning: Table 'Bilder/ownssdmobilenetv1.csv' has non-unique c
olumn name 'a'. Only the first occurence can be accessed via column names. on i
nput line 25.

Missing character: There is no ; in font nullfont!
Missing character: There is no ; in font nullfont!

LaTeX Warning: Reference `plotbrr' on page 50 undefined on input line 29.


Underfull \hbox (badness 2042) in paragraph at lines 31--31
\T1/phv/m/n/12 ze Kur-ve be-schreibt die Ana-ly-se durch den \T1/phv/m/sl/12 CO
-CO\T1/phv/m/n/12 -Datensatz. Der Test
 []


Underfull \hbox (badness 3525) in paragraph at lines 31--31
\T1/phv/m/n/12 mit-hil-fe des ei-ge-nen Da-ten-satz wir durch die graue Kur-ve 
pr-sen-tiert.
 []

) (Bilder/ssdmobilenetv2tflite.tex
Missing character: There is no ; in font nullfont!
PGFPlots: reading {Bilder/ssdmobilenetv2tflite.csv}


Package pgfplots Warning: Table 'Bilder/ssdmobilenetv2tflite.csv' has non-uniqu
e column name 'a'. Only the first occurence can be accessed via column names. o
n input line 25.

PGFPlots: reading {Bilder/ssdmobilenetv2tflitecoco.csv}

Package pgfplots Warning: Table 'Bilder/ssdmobilenetv2tflitecoco.csv' has non-u
nique column name 'a'. Only the first occurence can be accessed via column name
s. on input line 26.

Missing character: There is no ; in font nullfont!
Missing character: There is no ; in font nullfont!
)
Overfull \vbox (1.76944pt too high) has occurred while \output is active []


[50] (Bilder/gesamtvergleich.tex
Missing character: There is no ; in font nullfont!
PGFPlots: reading {Bilder/ssdmobilenetv2tflite.csv}


Package pgfplots Warning: Table 'Bilder/ssdmobilenetv2tflite.csv' has non-uniqu
e column name 'a'. Only the first occurence can be accessed via column names. o
n input line 25.

Missing character: There is no ; in font nullfont!
Missing character: There is no ; in font nullfont!

LaTeX Warning: Reference `plotbrr' on page 51 undefined on input line 29.

) (Bilder/zeitenvergleich.tex)
Overfull \vbox (1.76944pt too high) has occurred while \output is active []


[51]) (_content/Zusammenfassung.tex
Overfull \vbox (1.76944pt too high) has occurred while \output is active []


[52]
chapter 5.

Underfull \hbox (badness 10000) in paragraph at lines 4--5

 []


Underfull \hbox (badness 1924) in paragraph at lines 6--7
[]\T1/phv/m/n/12 Der ent-wi-ckel-te Zu-stands-au-to-mat steu-ert das Fahr-zeug 
ALF durch die Aus-ga-be ei-ner
 []


Underfull \hbox (badness 10000) in paragraph at lines 6--7

 []


Underfull \hbox (badness 1028) in paragraph at lines 9--10
[]\T1/phv/m/n/12 Zuknftige Ent-wick-lungs-ar-bei-ten am Alf kn-nen sich an ei
-nem brei-ten The-men-spek-trum
 []


Underfull \hbox (badness 10000) in paragraph at lines 9--10

 []

[53

])
Overfull \vbox (1.76944pt too high) has occurred while \output is active []


[54]
chapter without number

Underfull \hbox (badness 10000) in paragraph at lines 505--505
[]\T1/phv/m/n/12 Gonzalo Me-di-na. \T1/phv/m/sl/12 Dia-gram of an ar-ti-fi-ci-a
l neural net-work\T1/phv/m/n/12 .
 []

[55


]
Underfull \hbox (badness 10000) in paragraph at lines 505--505
[]\T1/phv/m/n/12 Goodfellow, I. , Ben-gio, Y. und Cour-ville, A. \T1/phv/m/sl/1
2 De-ep Lear-ning\T1/phv/m/n/12 .
 []


Underfull \hbox (badness 8056) in paragraph at lines 505--505
[]\T1/phv/m/n/12 Sumit Sa-ha. \T1/phv/m/sl/12 A Com-pre-hen-si-ve Gui-de to Con
-vo-lu-tio-nal Neural Net-works 
 []


Underfull \hbox (badness 10000) in paragraph at lines 505--505
[]\T1/phv/m/n/12 estamos. \T1/phv/m/sl/12 Wri-te Con-vo-lu-tio-nal Neural net-w
ork using TikZ\T1/phv/m/n/12 .
 []


Underfull \hbox (badness 10000) in paragraph at lines 505--505
\T1/phv/m/n/12 https://tex.stackexchange.com/questions/519268/write-convolution
al-neural-networks-
 []


Underfull \hbox (badness 10000) in paragraph at lines 505--505
\T1/phv/m/sl/12 Mo-del)\T1/phv/m/n/12 . https://towardsdatascience.com/review-m
obilenetv1-depthwise-separable-
 []


Overfull \vbox (1.76944pt too high) has occurred while \output is active []


[56]
Underfull \hbox (badness 4805) in paragraph at lines 505--505
[]\T1/phv/m/n/12 Szegedy, C., Reed, S., Erhan, D. und An-gue-lov, D. \T1/phv/m/
sl/12 Ke-ras Ap-p-li-ca-ti-ons\T1/phv/m/n/12 . htt-
 []


Underfull \hbox (badness 10000) in paragraph at lines 505--505
[]\T1/phv/m/n/12 Zarko. \T1/phv/m/sl/12 How to de-pict Hier-ar-chi-cal State Ma
-chi-nes in La-tex\T1/phv/m/n/12 .
 []


Underfull \hbox (badness 10000) in paragraph at lines 505--505
\T1/phv/m/n/12 https://tex.stackexchange.com/questions/288589/how-to-depict-hie
rarchical-state-
 []


Underfull \hbox (badness 6708) in paragraph at lines 505--505
[]\T1/phv/m/n/12 aclark, hu-govk, ra-dar-he-re und wi-red-fool. \T1/phv/m/sl/12
 Py-thon Ima-ging Li-bra-ry (Fork)\T1/phv/m/n/12 . htt-
 []


Overfull \vbox (1.76944pt too high) has occurred while \output is active []


[57]
Overfull \vbox (1.76944pt too high) has occurred while \output is active []


[58]

Class scrbook Warning: You are using `\begin{appendix}...\end{appendix}'.
(scrbook)              You should note, that `\appendix' is a mostly globally
(scrbook)              working command not an enviroment with only local
(scrbook)              effects. Therefore `\end{appendix}' will neither
(scrbook)              switch back to normal section numbering nor finish
(scrbook)              every other effect of `\begin{appendix}'.
(scrbook)              Nevertheless, some effects may end with
(scrbook)              `\end{appendix}' and the document may become
(scrbook)              inconsistent.
(scrbook)              Because of this, you should remove `\end{appendix}'
(scrbook)              and replace `\begin{appendix}' by command
(scrbook)              `\appendix' on input line 508.

chapter A.
[59


]
Overfull \vbox (1.76944pt too high) has occurred while \output is active []


[60]
Package atveryend Info: Empty hook `BeforeClearDocument' on input line 531.
Package atveryend Info: Empty hook `AfterLastShipout' on input line 531.
 (Masterarbeit_Giuliano_Montorio.aux)
Package atveryend Info: Executing hook `AtVeryEndDocument' on input line 531.
Package atveryend Info: Executing hook `AtEndAfterFileList' on input line 531.
Package rerunfilecheck Info: File `Masterarbeit_Giuliano_Montorio.out' has not 
changed.
(rerunfilecheck)             Checksum: D41D8CD98F00B204E9800998ECF8427E;0.


LaTeX Warning: There were undefined references.


LaTeX Warning: There were multiply-defined labels.


Package biblatex Warning: Please (re)run BibTeX on the file(s):
(biblatex)                Masterarbeit_Giuliano_Montorio
(biblatex)                and rerun LaTeX afterwards.

Package logreq Info: Writing requests to 'Masterarbeit_Giuliano_Montorio.run.xm
l'.
\openout1 = `Masterarbeit_Giuliano_Montorio.run.xml'.

 ) 
Here is how much of TeX's memory you used:
 56717 strings out of 481212
 1292354 string characters out of 2922283
 2138437 words of memory out of 3000000
 71058 multiletter control sequences out of 15000+200000
 590231 words of font info for 127 fonts, out of 3000000 for 9000
 1143 hyphenation exceptions out of 8191
 64i,21n,106p,10647b,2789s stack positions out of 5000i,500n,10000p,200000b,50000s
pdfTeX warning (dest): name{figure.caption.33} has been referenced but does n
ot exist, replaced by a fixed one

pdfTeX warning (dest): name{table.caption.43} has been referenced but does not 
exist, replaced by a fixed one

pdfTeX warning (dest): name{table.caption.31} has been referenced but does not 
exist, replaced by a fixed one

pdfTeX warning (dest): name{chapter*.44} has been referenced but does not exist
, replaced by a fixed one

 <C:\Users\giull\AppData\Local\MiKTeX\fonts/pk/ljfour/jknappen/ec/dpi600\tcss12
00.pk>{Y:/Miktex/fonts/enc/dvips/base/8r.enc}<Y:/Miktex/fonts/type1/public/amsf
onts/cm/cmex10.pfb><Y:/Miktex/fonts/type1/public/amsfonts/cm/cmmi12.pfb><Y:/Mik
tex/fonts/type1/public/amsfonts/cm/cmmi6.pfb><Y:/Miktex/fonts/type1/public/amsf
onts/cm/cmmi8.pfb><Y:/Miktex/fonts/type1/public/amsfonts/cm/cmr12.pfb><Y:/Mikte
x/fonts/type1/public/amsfonts/cm/cmr17.pfb><Y:/Miktex/fonts/type1/public/amsfon
ts/cm/cmr6.pfb><Y:/Miktex/fonts/type1/public/amsfonts/cm/cmr8.pfb><Y:/Miktex/fo
nts/type1/public/amsfonts/cm/cmsy10.pfb><Y:/Miktex/fonts/type1/public/amsfonts/
cm/cmsy8.pfb><Y:/Miktex/fonts/type1/public/amsfonts/symbols/msbm10.pfb><Y:/Mikt
ex/fonts/type1/urw/helvetic/uhvb8a.pfb><Y:/Miktex/fonts/type1/urw/helvetic/uhvr
8a.pfb><Y:/Miktex/fonts/type1/urw/helvetic/uhvro8a.pfb>
Output written on Masterarbeit_Giuliano_Montorio.pdf (69 pages, 1641552 bytes).

PDF statistics:
 862 PDF objects out of 1000 (max. 8388607)
 212 named destinations out of 1000 (max. 500000)
 285 words of extra memory for PDF output out of 10000 (max. 10000000)

